#
# There is insufficient memory for the Java Runtime Environment to continue.
# Native memory allocation (mmap) failed to map 172490752 bytes for committing reserved memory.
# Possible reasons:
#   The system is out of physical RAM or swap space
#   The process is running with CompressedOops enabled, and the Java Heap may be blocking the growth of the native heap
# Possible solutions:
#   Reduce memory load on the system
#   Increase physical memory or swap space
#   Check if swap backing store is full
#   Decrease Java heap size (-Xmx/-Xms)
#   Decrease number of Java threads
#   Decrease Java thread stack sizes (-Xss)
#   Set larger code cache with -XX:ReservedCodeCacheSize=
#   JVM is running with Zero Based Compressed Oops mode in which the Java heap is
#     placed in the first 32GB address space. The Java Heap base address is the
#     maximum limit for the native heap growth. Please use -XX:HeapBaseMinAddress
#     to set the Java Heap base and to place the Java Heap above 32GB virtual address.
# This output file may be truncated or incomplete.
#
#  Out of Memory Error (os_linux.cpp:2749), pid=16010, tid=0x00007f2f1ebeb700
#
# JRE version: Java(TM) SE Runtime Environment (8.0_211-b12) (build 1.8.0_211-b12)
# Java VM: Java HotSpot(TM) 64-Bit Server VM (25.211-b12 mixed mode linux-amd64 compressed oops)
# Core dump written. Default location: /work/cp/pantheon/pantheon-bundle/core or core.16010
#

---------------  T H R E A D  ---------------

Current thread (0x00007f2f341cf000):  VMThread [stack: 0x00007f2f1eaec000,0x00007f2f1ebec000] [id=16025]

Stack: [0x00007f2f1eaec000,0x00007f2f1ebec000],  sp=0x00007f2f1ebea3f0,  free space=1016k
Native frames: (J=compiled Java code, j=interpreted, Vv=VM code, C=native code)
V  [libjvm.so+0xad3455]  VMError::report_and_die()+0x2e5
V  [libjvm.so+0x4e0537]  report_vm_out_of_memory(char const*, int, unsigned long, VMErrorType, char const*)+0x67
V  [libjvm.so+0x910320]  os::pd_commit_memory(char*, unsigned long, unsigned long, bool)+0x100
V  [libjvm.so+0x90794f]  os::commit_memory(char*, unsigned long, unsigned long, bool)+0x1f
V  [libjvm.so+0x98c736]  PSVirtualSpace::expand_by(unsigned long)+0x56
V  [libjvm.so+0x98d9c8]  PSYoungGen::resize(unsigned long, unsigned long)+0xd8
V  [libjvm.so+0x98a166]  PSScavenge::invoke_no_policy()+0x1376
V  [libjvm.so+0x98a4fc]  PSScavenge::invoke()+0x4c
V  [libjvm.so+0x93a248]  ParallelScavengeHeap::failed_mem_allocate(unsigned long)+0x68
V  [libjvm.so+0xad4fa3]  VM_ParallelGCFailedAllocation::doit()+0x93
V  [libjvm.so+0xada1c6]  VM_Operation::evaluate()+0x46
V  [libjvm.so+0xad84fd]  VMThread::evaluate_operation(VM_Operation*) [clone .constprop.44]+0xcd
V  [libjvm.so+0xad8ae3]  VMThread::loop()+0x3a3
V  [libjvm.so+0xad8eb8]  VMThread::run()+0x78
V  [libjvm.so+0x90d952]  java_start(Thread*)+0x102

VM_Operation (0x00007f2f0f4fb4b0): ParallelGCFailedAllocation, mode: safepoint, requested by thread 0x00007f2f35677000


---------------  P R O C E S S  ---------------

Java Threads: ( => current thread )
  0x00007f2f35677000 JavaThread "pool-9-thread-1" [_thread_blocked, id=16056, stack(0x00007f2f0f3fc000,0x00007f2f0f4fd000)]
  0x00007f2f35678800 JavaThread "oak-repository-executor-1" daemon [_thread_blocked, id=16055, stack(0x00007f2f0f4fd000,0x00007f2f0f5fe000)]
  0x00007f2f35676000 JavaThread "Timer-1" [_thread_blocked, id=16052, stack(0x00007f2f0f5fe000,0x00007f2f0f6ff000)]
  0x00007f2f34840000 JavaThread "Timer-0" [_thread_blocked, id=16044, stack(0x00007f2f0f0fb000,0x00007f2f0f1fc000)]
  0x00007f2f34246800 JavaThread "Service Thread" daemon [_thread_blocked, id=16037, stack(0x00007f2f1c7ca000,0x00007f2f1c8cb000)]
  0x00007f2f34239800 JavaThread "C1 CompilerThread3" daemon [_thread_blocked, id=16036, stack(0x00007f2f1e2e4000,0x00007f2f1e3e4000)]
  0x00007f2f34237800 JavaThread "C2 CompilerThread2" daemon [_thread_blocked, id=16035, stack(0x00007f2f1e3e5000,0x00007f2f1e4e5000)]
  0x00007f2f34235800 JavaThread "C2 CompilerThread1" daemon [_thread_blocked, id=16034, stack(0x00007f2f1e4e6000,0x00007f2f1e5e6000)]
  0x00007f2f3422f000 JavaThread "C2 CompilerThread0" daemon [_thread_blocked, id=16033, stack(0x00007f2f1e5e7000,0x00007f2f1e6e7000)]
  0x00007f2f3422d800 JavaThread "Monitor Ctrl-Break" daemon [_thread_in_native, id=16032, stack(0x00007f2f1e6e7000,0x00007f2f1e7e8000)]
  0x00007f2f3420e000 JavaThread "Signal Dispatcher" daemon [_thread_blocked, id=16031, stack(0x00007f2f1e7e8000,0x00007f2f1e8e9000)]
  0x00007f2f341db000 JavaThread "Finalizer" daemon [_thread_blocked, id=16030, stack(0x00007f2f1e8e9000,0x00007f2f1e9ea000)]
  0x00007f2f341d8800 JavaThread "Reference Handler" daemon [_thread_blocked, id=16029, stack(0x00007f2f1e9ea000,0x00007f2f1eaeb000)]
  0x00007f2f34011800 JavaThread "main" [_thread_blocked, id=16013, stack(0x00007f2f3ab2f000,0x00007f2f3ac2f000)]

Other Threads:
=>0x00007f2f341cf000 VMThread [stack: 0x00007f2f1eaec000,0x00007f2f1ebec000] [id=16025]
  0x00007f2f34249800 WatcherThread [stack: 0x00007f2f1c6ca000,0x00007f2f1c7ca000] [id=16038]

VM state:at safepoint (normal execution)

VM Mutex/Monitor currently owned by a thread:  ([mutex/lock_event])
[0x00007f2f340079f0] Threads_lock - owner thread: 0x00007f2f341cf000
[0x00007f2f34007ef0] Heap_lock - owner thread: 0x00007f2f35677000

heap address: 0x00000006ce400000, size: 3868 MB, Compressed Oops mode: Zero based, Oop shift amount: 3
Narrow klass base: 0x0000000000000000, Narrow klass shift: 3
Compressed class space size: 1073741824 Address: 0x00000007c0000000

Heap:
 PSYoungGen      total 443904K, used 6564K [0x000000076f700000, 0x000000078ee00000, 0x00000007c0000000)
  eden space 431616K, 0% used [0x000000076f700000,0x000000076f700000,0x0000000789c80000)
  from space 12288K, 53% used [0x000000078d600000,0x000000078dc69300,0x000000078e200000)
  to   space 7168K, 0% used [0x000000078e700000,0x000000078e700000,0x000000078ee00000)
 ParOldGen       total 89088K, used 10558K [0x00000006ce400000, 0x00000006d3b00000, 0x000000076f700000)
  object space 89088K, 11% used [0x00000006ce400000,0x00000006cee4f908,0x00000006d3b00000)
 Metaspace       used 22935K, capacity 23784K, committed 24064K, reserved 1071104K
  class space    used 2840K, capacity 3016K, committed 3072K, reserved 1048576K

Card table byte_map: [0x00007f2f39770000,0x00007f2f39eff000] byte_map_base: 0x00007f2f360fe000

Marking Bits: (ParMarkBitMap*) 0x00007f2f3bd7ed80
 Begin Bits: [0x00007f2ef8720000, 0x00007f2efc390000)
 End Bits:   [0x00007f2efc390000, 0x00007f2f00000000)

Polling page: 0x00007f2f3c1f8000

CodeCache: size=245760Kb used=12480Kb max_used=12484Kb free=233279Kb
 bounds [0x00007f2f25000000, 0x00007f2f25c40000, 0x00007f2f34000000]
 total_blobs=4236 nmethods=3851 adapters=298
 compilation: enabled

Compilation events (10 events):
Event: 4.370 Thread 0x00007f2f34239800 nmethod 3892 0x00007f2f25c35ad0 code [0x00007f2f25c35d60, 0x00007f2f25c36b58]
Event: 4.371 Thread 0x00007f2f3422f000 nmethod 3891 0x00007f2f25c3a090 code [0x00007f2f25c3a240, 0x00007f2f25c3a538]
Event: 4.386 Thread 0x00007f2f34239800 3893   !   3       java.util.concurrent.ThreadPoolExecutor::getTask (179 bytes)
Event: 4.387 Thread 0x00007f2f34239800 nmethod 3893 0x00007f2f25c38650 code [0x00007f2f25c388a0, 0x00007f2f25c39a18]
Event: 4.458 Thread 0x00007f2f34239800 3894       3       org.apache.jackrabbit.oak.namepath.impl.NamePathMapperImpl::getOakName (11 bytes)
Event: 4.471 Thread 0x00007f2f34235800 3897       4       org.apache.jackrabbit.oak.plugins.memory.MemoryNodeBuilder$UnconnectedHead::getMutableNodeState (44 bytes)
Event: 4.471 Thread 0x00007f2f3422f000 3898       4       org.apache.jackrabbit.oak.plugins.memory.MutableNodeState::getMutableChildNode (71 bytes)
Event: 4.474 Thread 0x00007f2f34237800 3899       4       org.apache.jackrabbit.oak.plugins.memory.MemoryNodeBuilder$ConnectedHead::getImmutableNodeState (8 bytes)
Event: 4.661 Thread 0x00007f2f34239800 nmethod 3894 0x00007f2f25c381d0 code [0x00007f2f25c38340, 0x00007f2f25c38568]
Event: 5.970 Thread 0x00007f2f34239800 3901       3       java.util.LinkedHashMap::afterNodeAccess (116 bytes)

GC Heap History (10 events):
Event: 2.333 GC heap after
Heap after GC invocations=5 (full 0):
 PSYoungGen      total 134144K, used 10240K [0x000000076f700000, 0x0000000780300000, 0x00000007c0000000)
  eden space 123904K, 0% used [0x000000076f700000,0x000000076f700000,0x0000000777000000)
  from space 10240K, 100% used [0x0000000777000000,0x0000000777a00000,0x0000000777a00000)
  to   space 13312K, 0% used [0x000000077f600000,0x000000077f600000,0x0000000780300000)
 ParOldGen       total 165376K, used 1660K [0x00000006ce400000, 0x00000006d8580000, 0x000000076f700000)
  object space 165376K, 1% used [0x00000006ce400000,0x00000006ce59f3d8,0x00000006d8580000)
 Metaspace       used 19067K, capacity 19756K, committed 19968K, reserved 1067008K
  class space    used 2400K, capacity 2550K, committed 2560K, reserved 1048576K
}
Event: 2.601 GC heap before
{Heap before GC invocations=6 (full 0):
 PSYoungGen      total 134144K, used 134144K [0x000000076f700000, 0x0000000780300000, 0x00000007c0000000)
  eden space 123904K, 100% used [0x000000076f700000,0x0000000777000000,0x0000000777000000)
  from space 10240K, 100% used [0x0000000777000000,0x0000000777a00000,0x0000000777a00000)
  to   space 13312K, 0% used [0x000000077f600000,0x000000077f600000,0x0000000780300000)
 ParOldGen       total 165376K, used 1660K [0x00000006ce400000, 0x00000006d8580000, 0x000000076f700000)
  object space 165376K, 1% used [0x00000006ce400000,0x00000006ce59f3d8,0x00000006d8580000)
 Metaspace       used 19119K, capacity 19852K, committed 20096K, reserved 1067008K
  class space    used 2402K, capacity 2582K, committed 2688K, reserved 1048576K
Event: 2.614 GC heap after
Heap after GC invocations=6 (full 0):
 PSYoungGen      total 260096K, used 7864K [0x000000076f700000, 0x0000000780200000, 0x00000007c0000000)
  eden space 247808K, 0% used [0x000000076f700000,0x000000076f700000,0x000000077e900000)
  from space 12288K, 64% used [0x000000077f600000,0x000000077fdae2f8,0x0000000780200000)
  to   space 12800K, 0% used [0x000000077e900000,0x000000077e900000,0x000000077f580000)
 ParOldGen       total 165376K, used 1668K [0x00000006ce400000, 0x00000006d8580000, 0x000000076f700000)
  object space 165376K, 1% used [0x00000006ce400000,0x00000006ce5a13d8,0x00000006d8580000)
 Metaspace       used 19119K, capacity 19852K, committed 20096K, reserved 1067008K
  class space    used 2402K, capacity 2582K, committed 2688K, reserved 1048576K
}
Event: 2.819 GC heap before
{Heap before GC invocations=7 (full 0):
 PSYoungGen      total 260096K, used 43400K [0x000000076f700000, 0x0000000780200000, 0x00000007c0000000)
  eden space 247808K, 14% used [0x000000076f700000,0x00000007719b4030,0x000000077e900000)
  from space 12288K, 64% used [0x000000077f600000,0x000000077fdae2f8,0x0000000780200000)
  to   space 12800K, 0% used [0x000000077e900000,0x000000077e900000,0x000000077f580000)
 ParOldGen       total 165376K, used 1668K [0x00000006ce400000, 0x00000006d8580000, 0x000000076f700000)
  object space 165376K, 1% used [0x00000006ce400000,0x00000006ce5a13d8,0x00000006d8580000)
 Metaspace       used 20341K, capacity 21068K, committed 21248K, reserved 1067008K
  class space    used 2532K, capacity 2710K, committed 2816K, reserved 1048576K
Event: 2.838 GC heap after
Heap after GC invocations=7 (full 0):
 PSYoungGen      total 260608K, used 6673K [0x000000076f700000, 0x000000078f300000, 0x00000007c0000000)
  eden space 247808K, 0% used [0x000000076f700000,0x000000076f700000,0x000000077e900000)
  from space 12800K, 52% used [0x000000077e900000,0x000000077ef84760,0x000000077f580000)
  to   space 12288K, 0% used [0x000000078e700000,0x000000078e700000,0x000000078f300000)
 ParOldGen       total 165376K, used 5237K [0x00000006ce400000, 0x00000006d8580000, 0x000000076f700000)
  object space 165376K, 3% used [0x00000006ce400000,0x00000006ce91d530,0x00000006d8580000)
 Metaspace       used 20341K, capacity 21068K, committed 21248K, reserved 1067008K
  class space    used 2532K, capacity 2710K, committed 2816K, reserved 1048576K
}
Event: 2.838 GC heap before
{Heap before GC invocations=8 (full 1):
 PSYoungGen      total 260608K, used 6673K [0x000000076f700000, 0x000000078f300000, 0x00000007c0000000)
  eden space 247808K, 0% used [0x000000076f700000,0x000000076f700000,0x000000077e900000)
  from space 12800K, 52% used [0x000000077e900000,0x000000077ef84760,0x000000077f580000)
  to   space 12288K, 0% used [0x000000078e700000,0x000000078e700000,0x000000078f300000)
 ParOldGen       total 165376K, used 5237K [0x00000006ce400000, 0x00000006d8580000, 0x000000076f700000)
  object space 165376K, 3% used [0x00000006ce400000,0x00000006ce91d530,0x00000006d8580000)
 Metaspace       used 20341K, capacity 21068K, committed 21248K, reserved 1067008K
  class space    used 2532K, capacity 2710K, committed 2816K, reserved 1048576K
Event: 2.873 GC heap after
Heap after GC invocations=8 (full 1):
 PSYoungGen      total 260608K, used 0K [0x000000076f700000, 0x000000078f300000, 0x00000007c0000000)
  eden space 247808K, 0% used [0x000000076f700000,0x000000076f700000,0x000000077e900000)
  from space 12800K, 0% used [0x000000077e900000,0x000000077e900000,0x000000077f580000)
  to   space 12288K, 0% used [0x000000078e700000,0x000000078e700000,0x000000078f300000)
 ParOldGen       total 89088K, used 10542K [0x00000006ce400000, 0x00000006d3b00000, 0x000000076f700000)
  object space 89088K, 11% used [0x00000006ce400000,0x00000006cee4b908,0x00000006d3b00000)
 Metaspace       used 20341K, capacity 21068K, committed 21248K, reserved 1067008K
  class space    used 2532K, capacity 2710K, committed 2816K, reserved 1048576K
}
Event: 3.582 GC heap before
{Heap before GC invocations=9 (full 1):
 PSYoungGen      total 260608K, used 247808K [0x000000076f700000, 0x000000078f300000, 0x00000007c0000000)
  eden space 247808K, 100% used [0x000000076f700000,0x000000077e900000,0x000000077e900000)
  from space 12800K, 0% used [0x000000077e900000,0x000000077e900000,0x000000077f580000)
  to   space 12288K, 0% used [0x000000078e700000,0x000000078e700000,0x000000078f300000)
 ParOldGen       total 89088K, used 10542K [0x00000006ce400000, 0x00000006d3b00000, 0x000000076f700000)
  object space 89088K, 11% used [0x00000006ce400000,0x00000006cee4b908,0x00000006d3b00000)
 Metaspace       used 22772K, capacity 23630K, committed 23808K, reserved 1071104K
  class space    used 2838K, capacity 3013K, committed 3072K, reserved 1048576K
Event: 3.590 GC heap after
Heap after GC invocations=9 (full 1):
 PSYoungGen      total 438784K, used 6688K [0x000000076f700000, 0x000000078ee00000, 0x00000007c0000000)
  eden space 431616K, 0% used [0x000000076f700000,0x000000076f700000,0x0000000789c80000)
  from space 7168K, 93% used [0x000000078e700000,0x000000078ed88178,0x000000078ee00000)
  to   space 12288K, 0% used [0x000000078d600000,0x000000078d600000,0x000000078e200000)
 ParOldGen       total 89088K, used 10550K [0x00000006ce400000, 0x00000006d3b00000, 0x000000076f700000)
  object space 89088K, 11% used [0x00000006ce400000,0x00000006cee4d908,0x00000006d3b00000)
 Metaspace       used 22772K, capacity 23630K, committed 23808K, reserved 1071104K
  class space    used 2838K, capacity 3013K, committed 3072K, reserved 1048576K
}
Event: 9.470 GC heap before
{Heap before GC invocations=10 (full 1):
 PSYoungGen      total 438784K, used 438304K [0x000000076f700000, 0x000000078ee00000, 0x00000007c0000000)
  eden space 431616K, 100% used [0x000000076f700000,0x0000000789c80000,0x0000000789c80000)
  from space 7168K, 93% used [0x000000078e700000,0x000000078ed88178,0x000000078ee00000)
  to   space 12288K, 0% used [0x000000078d600000,0x000000078d600000,0x000000078e200000)
 ParOldGen       total 89088K, used 10550K [0x00000006ce400000, 0x00000006d3b00000, 0x000000076f700000)
  object space 89088K, 11% used [0x00000006ce400000,0x00000006cee4d908,0x00000006d3b00000)
 Metaspace       used 22935K, capacity 23784K, committed 24064K, reserved 1071104K
  class space    used 2840K, capacity 3016K, committed 3072K, reserved 1048576K

Deoptimization events (10 events):
Event: 3.248 Thread 0x00007f2f34011800 Uncommon trap: reason=class_check action=maybe_recompile pc=0x00007f2f257b1358 method=org.apache.jackrabbit.oak.spi.commit.CompositeEditor.propertyAdded(Lorg/apache/jackrabbit/oak/api/PropertyState;)V @ 4
Event: 3.304 Thread 0x00007f2f34011800 Uncommon trap: reason=class_check action=maybe_recompile pc=0x00007f2f257b1358 method=org.apache.jackrabbit.oak.spi.commit.CompositeEditor.propertyAdded(Lorg/apache/jackrabbit/oak/api/PropertyState;)V @ 4
Event: 3.318 Thread 0x00007f2f34011800 Uncommon trap: reason=class_check action=maybe_recompile pc=0x00007f2f258b5d48 method=org.apache.jackrabbit.oak.plugins.memory.EmptyNodeState.compareAgainstBaseState(Lorg/apache/jackrabbit/oak/spi/state/NodeState;Lorg/apache/jackrabbit/oak/spi/state/NodeS
Event: 3.318 Thread 0x00007f2f34011800 Uncommon trap: reason=class_check action=maybe_recompile pc=0x00007f2f258b5d48 method=org.apache.jackrabbit.oak.plugins.memory.EmptyNodeState.compareAgainstBaseState(Lorg/apache/jackrabbit/oak/spi/state/NodeState;Lorg/apache/jackrabbit/oak/spi/state/NodeS
Event: 3.318 Thread 0x00007f2f34011800 Uncommon trap: reason=class_check action=maybe_recompile pc=0x00007f2f258b5d48 method=org.apache.jackrabbit.oak.plugins.memory.EmptyNodeState.compareAgainstBaseState(Lorg/apache/jackrabbit/oak/spi/state/NodeState;Lorg/apache/jackrabbit/oak/spi/state/NodeS
Event: 3.318 Thread 0x00007f2f34011800 Uncommon trap: reason=class_check action=maybe_recompile pc=0x00007f2f258b5d48 method=org.apache.jackrabbit.oak.plugins.memory.EmptyNodeState.compareAgainstBaseState(Lorg/apache/jackrabbit/oak/spi/state/NodeState;Lorg/apache/jackrabbit/oak/spi/state/NodeS
Event: 3.858 Thread 0x00007f2f34011800 Uncommon trap: reason=class_check action=maybe_recompile pc=0x00007f2f257b1358 method=org.apache.jackrabbit.oak.spi.commit.CompositeEditor.propertyAdded(Lorg/apache/jackrabbit/oak/api/PropertyState;)V @ 4
Event: 3.886 Thread 0x00007f2f34011800 Uncommon trap: reason=class_check action=maybe_recompile pc=0x00007f2f257b1358 method=org.apache.jackrabbit.oak.spi.commit.CompositeEditor.propertyAdded(Lorg/apache/jackrabbit/oak/api/PropertyState;)V @ 4
Event: 4.293 Thread 0x00007f2f34011800 Uncommon trap: reason=class_check action=maybe_recompile pc=0x00007f2f25c24834 method=org.apache.jackrabbit.oak.plugins.nodetype.TypePredicate.init()V @ 19
Event: 4.294 Thread 0x00007f2f34011800 Uncommon trap: reason=class_check action=maybe_recompile pc=0x00007f2f25bfdbac method=org.apache.jackrabbit.oak.plugins.nodetype.TypePredicate.init()V @ 19

Classes redefined (0 events):
No events

Internal exceptions (10 events):
Event: 1.496 Thread 0x00007f2f34011800 Exception <a 'java/lang/NoSuchMethodError': java.lang.Object.lambda$static$0(Lorg/apache/jackrabbit/oak/plugins/index/NodeTraversalCallback$PathSource;)V> (0x00000007724c34f8) thrown at [/HUDSON/workspace/8-2-build-linux-amd64/jdk8u211/12973/hotspot/src/s
Event: 1.500 Thread 0x00007f2f34011800 Exception <a 'java/lang/NoSuchMethodError': java.lang.Object.lambda$static$0(Ljava/lang/String;Ljava/util/Set;)J> (0x0000000772557798) thrown at [/HUDSON/workspace/8-2-build-linux-amd64/jdk8u211/12973/hotspot/src/share/vm/interpreter/linkResolver.cpp, lin
Event: 3.150 Thread 0x00007f2f34011800 Exception <a 'java/lang/NoSuchMethodError': java.lang.Object.getWorkspace()Lcom/redhat/pantheon/model/workspace/Workspace;> (0x0000000775591fc0) thrown at [/HUDSON/workspace/8-2-build-linux-amd64/jdk8u211/12973/hotspot/src/share/vm/interpreter/linkResolve
Event: 3.156 Thread 0x00007f2f34011800 Exception <a 'java/lang/NullPointerException'> (0x00000007755bbd38) thrown at [/HUDSON/workspace/8-2-build-linux-amd64/jdk8u211/12973/hotspot/src/share/vm/interpreter/linkResolver.cpp, line 1287]
Event: 3.156 Thread 0x00007f2f34011800 Exception <a 'java/lang/reflect/InvocationTargetException'> (0x00000007755bc128) thrown at [/HUDSON/workspace/8-2-build-linux-amd64/jdk8u211/12973/hotspot/src/share/vm/runtime/reflection.cpp, line 1092]
Event: 3.173 Thread 0x00007f2f3559d000 Exception <a 'java/lang/InterruptedException'> (0x0000000775b2aae8) thrown at [/HUDSON/workspace/8-2-build-linux-amd64/jdk8u211/12973/hotspot/src/share/vm/runtime/objectMonitor.cpp, line 1684]
Event: 3.826 Thread 0x00007f2f34011800 Exception <a 'java/lang/NoSuchMethodError': java.lang.Object.getWorkspace()Lcom/redhat/pantheon/model/workspace/Workspace;> (0x0000000778294f28) thrown at [/HUDSON/workspace/8-2-build-linux-amd64/jdk8u211/12973/hotspot/src/share/vm/interpreter/linkResolve
Event: 3.826 Thread 0x00007f2f34011800 Exception <a 'java/lang/NullPointerException'> (0x0000000778297080) thrown at [/HUDSON/workspace/8-2-build-linux-amd64/jdk8u211/12973/hotspot/src/share/vm/interpreter/linkResolver.cpp, line 1287]
Event: 3.826 Thread 0x00007f2f34011800 Exception <a 'java/lang/reflect/InvocationTargetException'> (0x0000000778297470) thrown at [/HUDSON/workspace/8-2-build-linux-amd64/jdk8u211/12973/hotspot/src/share/vm/runtime/reflection.cpp, line 1092]
Event: 3.833 Thread 0x00007f2f35677000 Exception <a 'java/lang/InterruptedException'> (0x0000000778cbd7b8) thrown at [/HUDSON/workspace/8-2-build-linux-amd64/jdk8u211/12973/hotspot/src/share/vm/runtime/objectMonitor.cpp, line 1684]

Events (10 events):
Event: 4.172 Thread 0x00007f2f34011800 DEOPT UNPACKING pc=0x00007f2f25047784 sp=0x00007f2f3ac2aa10 mode 0
Event: 4.179 Thread 0x00007f2f34011800 DEOPT PACKING pc=0x00007f2f256e83d6 sp=0x00007f2f3ac2af90
Event: 4.179 Thread 0x00007f2f34011800 DEOPT UNPACKING pc=0x00007f2f25047784 sp=0x00007f2f3ac2ad80 mode 0
Event: 4.292 Thread 0x00007f2f34011800 Uncommon trap: trap_request=0xffffffde fr.pc=0x00007f2f25c24834
Event: 4.293 Thread 0x00007f2f34011800 DEOPT PACKING pc=0x00007f2f25c24834 sp=0x00007f2f3ac2b390
Event: 4.293 Thread 0x00007f2f34011800 DEOPT UNPACKING pc=0x00007f2f2504573a sp=0x00007f2f3ac2b2f0 mode 2
Event: 4.294 Thread 0x00007f2f34011800 Uncommon trap: trap_request=0xffffffde fr.pc=0x00007f2f25bfdbac
Event: 4.294 Thread 0x00007f2f34011800 DEOPT PACKING pc=0x00007f2f25bfdbac sp=0x00007f2f3ac2b320
Event: 4.294 Thread 0x00007f2f34011800 DEOPT UNPACKING pc=0x00007f2f2504573a sp=0x00007f2f3ac2b2c0 mode 2
Event: 8.479 Executing VM operation: ParallelGCFailedAllocation


Dynamic libraries:
00400000-00401000 r-xp 00000000 fd:01 3416693                            /usr/local/java/jdk1.8.0_211/bin/java
00600000-00601000 r--p 00000000 fd:01 3416693                            /usr/local/java/jdk1.8.0_211/bin/java
00601000-00602000 rw-p 00001000 fd:01 3416693                            /usr/local/java/jdk1.8.0_211/bin/java
01f6f000-01f90000 rw-p 00000000 00:00 0                                  [heap]
6ce400000-6d3b00000 rw-p 00000000 00:00 0 
6d3b00000-76f700000 ---p 00000000 00:00 0 
76f700000-78ee00000 rw-p 00000000 00:00 0 
799280000-7c0000000 ---p 00000000 00:00 0 
7c0000000-7c0300000 rw-p 00000000 00:00 0 
7c0300000-800000000 ---p 00000000 00:00 0 
7f2e98000000-7f2e98021000 rw-p 00000000 00:00 0 
7f2e98021000-7f2e9c000000 ---p 00000000 00:00 0 
7f2e9c000000-7f2e9c021000 rw-p 00000000 00:00 0 
7f2e9c021000-7f2ea0000000 ---p 00000000 00:00 0 
7f2ea0000000-7f2ea0021000 rw-p 00000000 00:00 0 
7f2ea0021000-7f2ea4000000 ---p 00000000 00:00 0 
7f2ea4000000-7f2ea4021000 rw-p 00000000 00:00 0 
7f2ea4021000-7f2ea8000000 ---p 00000000 00:00 0 
7f2ea8000000-7f2ea8021000 rw-p 00000000 00:00 0 
7f2ea8021000-7f2eac000000 ---p 00000000 00:00 0 
7f2eac000000-7f2eac021000 rw-p 00000000 00:00 0 
7f2eac021000-7f2eb0000000 ---p 00000000 00:00 0 
7f2eb0000000-7f2eb0021000 rw-p 00000000 00:00 0 
7f2eb0021000-7f2eb4000000 ---p 00000000 00:00 0 
7f2eb4000000-7f2eb4021000 rw-p 00000000 00:00 0 
7f2eb4021000-7f2eb8000000 ---p 00000000 00:00 0 
7f2eb8000000-7f2eb8021000 rw-p 00000000 00:00 0 
7f2eb8021000-7f2ebc000000 ---p 00000000 00:00 0 
7f2ebc000000-7f2ebc021000 rw-p 00000000 00:00 0 
7f2ebc021000-7f2ec0000000 ---p 00000000 00:00 0 
7f2ec0000000-7f2ec1403000 rw-p 00000000 00:00 0 
7f2ec1403000-7f2ec4000000 ---p 00000000 00:00 0 
7f2ec4000000-7f2ec4aa2000 rw-p 00000000 00:00 0 
7f2ec4aa2000-7f2ec8000000 ---p 00000000 00:00 0 
7f2ec8000000-7f2ec8f37000 rw-p 00000000 00:00 0 
7f2ec8f37000-7f2ecc000000 ---p 00000000 00:00 0 
7f2ecc000000-7f2ecd1e7000 rw-p 00000000 00:00 0 
7f2ecd1e7000-7f2ed0000000 ---p 00000000 00:00 0 
7f2ed0000000-7f2ed0033000 rw-p 00000000 00:00 0 
7f2ed0033000-7f2ed4000000 ---p 00000000 00:00 0 
7f2ed7056000-7f2ee4000000 r--p 00000000 fd:01 3151963                    /usr/lib/locale/locale-archive
7f2ee4000000-7f2ee4021000 rw-p 00000000 00:00 0 
7f2ee4021000-7f2ee8000000 ---p 00000000 00:00 0 
7f2ee8000000-7f2ee8021000 rw-p 00000000 00:00 0 
7f2ee8021000-7f2eec000000 ---p 00000000 00:00 0 
7f2eec000000-7f2eec29c000 rw-p 00000000 00:00 0 
7f2eec29c000-7f2ef0000000 ---p 00000000 00:00 0 
7f2ef0000000-7f2ef0021000 rw-p 00000000 00:00 0 
7f2ef0021000-7f2ef4000000 ---p 00000000 00:00 0 
7f2ef4000000-7f2ef4021000 rw-p 00000000 00:00 0 
7f2ef4021000-7f2ef8000000 ---p 00000000 00:00 0 
7f2ef8720000-7f2f00000000 rw-p 00000000 00:00 0 
7f2f00000000-7f2f00021000 rw-p 00000000 00:00 0 
7f2f00021000-7f2f04000000 ---p 00000000 00:00 0 
7f2f04000000-7f2f04021000 rw-p 00000000 00:00 0 
7f2f04021000-7f2f08000000 ---p 00000000 00:00 0 
7f2f08000000-7f2f08021000 rw-p 00000000 00:00 0 
7f2f08021000-7f2f0c000000 ---p 00000000 00:00 0 
7f2f0e9e6000-7f2f0e9e9000 ---p 00000000 00:00 0 
7f2f0e9e9000-7f2f0eb67000 rw-p 00000000 00:00 0 
7f2f0eb67000-7f2f0ece7000 ---p 00000000 00:00 0 
7f2f0ece7000-7f2f0ecf8000 r-xp 00000000 fd:01 3417187                    /usr/local/java/jdk1.8.0_211/jre/lib/amd64/libnio.so
7f2f0ecf8000-7f2f0eef7000 ---p 00011000 fd:01 3417187                    /usr/local/java/jdk1.8.0_211/jre/lib/amd64/libnio.so
7f2f0eef7000-7f2f0eef8000 r--p 00010000 fd:01 3417187                    /usr/local/java/jdk1.8.0_211/jre/lib/amd64/libnio.so
7f2f0eef8000-7f2f0eef9000 rw-p 00011000 fd:01 3417187                    /usr/local/java/jdk1.8.0_211/jre/lib/amd64/libnio.so
7f2f0eef9000-7f2f0eefc000 ---p 00000000 00:00 0 
7f2f0eefc000-7f2f0effa000 rw-p 00000000 00:00 0 
7f2f0effa000-7f2f0effd000 ---p 00000000 00:00 0 
7f2f0effd000-7f2f0f0fb000 rw-p 00000000 00:00 0 
7f2f0f0fb000-7f2f0f0fe000 ---p 00000000 00:00 0 
7f2f0f0fe000-7f2f0f3fc000 rw-p 00000000 00:00 0 
7f2f0f3fc000-7f2f0f3ff000 ---p 00000000 00:00 0 
7f2f0f3ff000-7f2f0f4fd000 rw-p 00000000 00:00 0 
7f2f0f4fd000-7f2f0f500000 ---p 00000000 00:00 0 
7f2f0f500000-7f2f0f5fe000 rw-p 00000000 00:00 0 
7f2f0f5fe000-7f2f0f601000 ---p 00000000 00:00 0 
7f2f0f601000-7f2f0f8ff000 rw-p 00000000 00:00 0 
7f2f0f8ff000-7f2f0f902000 ---p 00000000 00:00 0 
7f2f0f902000-7f2f0fc00000 rw-p 00000000 00:00 0 
7f2f0fc00000-7f2f0fe00000 rw-p 00000000 00:00 0 
7f2f0fe00000-7f2f10000000 rw-p 00000000 00:00 0 
7f2f10000000-7f2f10021000 rw-p 00000000 00:00 0 
7f2f10021000-7f2f14000000 ---p 00000000 00:00 0 
7f2f14000000-7f2f14021000 rw-p 00000000 00:00 0 
7f2f14021000-7f2f18000000 ---p 00000000 00:00 0 
7f2f18000000-7f2f18021000 rw-p 00000000 00:00 0 
7f2f18021000-7f2f1c000000 ---p 00000000 00:00 0 
7f2f1c0c6000-7f2f1c0cb000 r--s 000a3000 fd:01 3417066                    /usr/local/java/jdk1.8.0_211/jre/lib/jsse.jar
7f2f1c0cb000-7f2f1c2cb000 rw-p 00000000 00:00 0 
7f2f1c2cb000-7f2f1c2e6000 r--s 001d4000 fd:01 3417054                    /usr/local/java/jdk1.8.0_211/jre/lib/ext/nashorn.jar
7f2f1c2e6000-7f2f1c2e9000 r--s 00015000 fd:04 1966923                    /home/llu/.m2/repository/javax/servlet/javax.servlet-api/3.1.0/javax.servlet-api-3.1.0.jar
7f2f1c2e9000-7f2f1c334000 r--s 00343000 fd:04 1879137                    /home/llu/.m2/repository/org/apache/sling/org.apache.sling.testing.sling-mock-oak/2.1.4/org.apache.sling.testing.sling-mock-oak-2.1.4.jar
7f2f1c334000-7f2f1c339000 r--s 00034000 fd:04 1966781                    /home/llu/.m2/repository/commons-beanutils/commons-beanutils/1.8.3/commons-beanutils-1.8.3.jar
7f2f1c339000-7f2f1c33e000 r--s 00040000 fd:04 1836653                    /home/llu/.m2/repository/commons-lang/commons-lang/2.5/commons-lang-2.5.jar
7f2f1c33e000-7f2f1c34b000 r--s 00083000 fd:04 1836651                    /home/llu/.m2/repository/commons-collections/commons-collections/3.2.2/commons-collections-3.2.2.jar
7f2f1c34b000-7f2f1c34c000 r--s 00004000 fd:04 1966917                    /home/llu/.m2/repository/org/apache/sling/org.apache.sling.resourcebuilder/1.0.4/org.apache.sling.resourcebuilder-1.0.4.jar
7f2f1c34c000-7f2f1c34e000 r--s 00006000 fd:04 1966916                    /home/llu/.m2/repository/org/apache/sling/org.apache.sling.adapter/2.1.6/org.apache.sling.adapter-2.1.6.jar
7f2f1c34e000-7f2f1c351000 r--s 0000f000 fd:04 1966915                    /home/llu/.m2/repository/org/apache/sling/org.apache.sling.i18n/2.4.4/org.apache.sling.i18n-2.4.4.jar
7f2f1c351000-7f2f1c353000 r--s 00006000 fd:04 1966911                    /home/llu/.m2/repository/org/apache/sling/org.apache.sling.settings/1.3.8/org.apache.sling.settings-1.3.8.jar
7f2f1c353000-7f2f1c354000 r--s 00005000 fd:04 1966910                    /home/llu/.m2/repository/org/apache/sling/org.apache.sling.commons.classloader/1.3.2/org.apache.sling.commons.classloader-1.3.2.jar
7f2f1c354000-7f2f1c357000 r--s 00014000 fd:04 1966908                    /home/llu/.m2/repository/org/apache/johnzon/johnzon-core/1.0.0/johnzon-core-1.0.0.jar
7f2f1c357000-7f2f1c361000 r--s 00138000 fd:04 1966906                    /home/llu/.m2/repository/org/apache/jackrabbit/vault/org.apache.jackrabbit.vault/3.1.18/org.apache.jackrabbit.vault-3.1.18.jar
7f2f1c361000-7f2f1c363000 r--s 00007000 fd:04 1966904                    /home/llu/.m2/repository/org/apache/sling/org.apache.sling.jcr.contentparser/1.2.6/org.apache.sling.jcr.contentparser-1.2.6.jar
7f2f1c363000-7f2f1c365000 r--s 00008000 fd:04 1966903                    /home/llu/.m2/repository/org/apache/sling/org.apache.sling.commons.mime/2.1.8/org.apache.sling.commons.mime-2.1.8.jar
7f2f1c365000-7f2f1c368000 r--s 00012000 fd:04 1966899                    /home/llu/.m2/repository/org/apache/sling/org.apache.sling.scripting.core/2.0.36/org.apache.sling.scripting.core-2.0.36.jar
7f2f1c368000-7f2f1c369000 r--s 00003000 fd:04 1966898                    /home/llu/.m2/repository/org/apache/sling/org.apache.sling.scripting.api/2.1.8/org.apache.sling.scripting.api-2.1.8.jar
7f2f1c369000-7f2f1c36d000 r--s 00022000 fd:04 1966896                    /home/llu/.m2/repository/org/apache/sling/org.apache.sling.jcr.resource/2.7.4/org.apache.sling.jcr.resource-2.7.4.jar
7f2f1c36d000-7f2f1c36e000 r--s 00003000 fd:04 1966894                    /home/llu/.m2/repository/org/apache/sling/org.apache.sling.serviceusermapper/1.0.0/org.apache.sling.serviceusermapper-1.0.0.jar
7f2f1c36e000-7f2f1c373000 r--s 00031000 fd:04 1966891                    /home/llu/.m2/repository/org/apache/sling/org.apache.sling.resourceresolver/1.4.8/org.apache.sling.resourceresolver-1.4.8.jar
7f2f1c373000-7f2f1c375000 r--s 00007000 fd:04 1966888                    /home/llu/.m2/repository/org/apache/sling/org.apache.sling.commons.osgi/2.4.0/org.apache.sling.commons.osgi-2.4.0.jar
7f2f1c375000-7f2f1c377000 r--s 00008000 fd:04 1969774                    /home/llu/.m2/repository/org/apache/sling/org.apache.sling.servlet-helpers/1.1.10/org.apache.sling.servlet-helpers-1.1.10.jar
7f2f1c377000-7f2f1c379000 r--s 00008000 fd:04 1969771                    /home/llu/.m2/repository/org/apache/sling/org.apache.sling.testing.resourceresolver-mock/1.1.24/org.apache.sling.testing.resourceresolver-mock-1.1.24.jar
7f2f1c379000-7f2f1c37b000 r--s 0000b000 fd:04 1969769                    /home/llu/.m2/repository/org/apache/sling/org.apache.sling.testing.jcr-mock/1.4.4/org.apache.sling.testing.jcr-mock-1.4.4.jar
7f2f1c37b000-7f2f1c385000 r--s 000a5000 fd:04 1966879                    /home/llu/.m2/repository/org/javassist/javassist/3.18.2-GA/javassist-3.18.2-GA.jar
7f2f1c385000-7f2f1c388000 r--s 00020000 fd:04 1966877                    /home/llu/.m2/repository/org/reflections/reflections/0.9.9/reflections-0.9.9.jar
7f2f1c388000-7f2f1c38f000 r--s 0006e000 fd:04 1969764                    /home/llu/.m2/repository/org/apache/sling/org.apache.sling.testing.osgi-mock.core/2.4.8/org.apache.sling.testing.osgi-mock.core-2.4.8.jar
7f2f1c38f000-7f2f1c391000 r--s 00013000 fd:04 1969767                    /home/llu/.m2/repository/org/apache/sling/org.apache.sling.testing.sling-mock.core/2.3.8/org.apache.sling.testing.sling-mock.core-2.3.8.jar
7f2f1c391000-7f2f1c393000 r--s 00003000 fd:04 1969765                    /home/llu/.m2/repository/org/apache/sling/org.apache.sling.testing.sling-mock.junit5/2.3.8/org.apache.sling.testing.sling-mock.junit5-2.3.8.jar
7f2f1c393000-7f2f1c395000 r--s 00000000 fd:04 1966869                    /home/llu/.m2/repository/org/mockito/mockito-junit-jupiter/2.22.0/mockito-junit-jupiter-2.22.0.jar
7f2f1c395000-7f2f1c397000 r--s 0000c000 fd:04 1966867                    /home/llu/.m2/repository/org/objenesis/objenesis/2.6/objenesis-2.6.jar
7f2f1c397000-7f2f1c399000 r--s 00009000 fd:04 1966865                    /home/llu/.m2/repository/net/bytebuddy/byte-buddy-agent/1.8.21/byte-buddy-agent-1.8.21.jar
7f2f1c399000-7f2f1c3db000 r--s 002ae000 fd:04 1966863                    /home/llu/.m2/repository/net/bytebuddy/byte-buddy/1.8.21/byte-buddy-1.8.21.jar
7f2f1c3db000-7f2f1c3eb000 r--s 0007a000 fd:04 1966861                    /home/llu/.m2/repository/org/mockito/mockito-core/2.22.0/mockito-core-2.22.0.jar
7f2f1c3eb000-7f2f1c3ef000 r--s 00021000 fd:04 1966857                    /home/llu/.m2/repository/org/junit/jupiter/junit-jupiter-engine/5.3.1/junit-jupiter-engine-5.3.1.jar
7f2f1c3ef000-7f2f1c3fb000 r--s 0006f000 fd:04 1966855                    /home/llu/.m2/repository/org/junit/jupiter/junit-jupiter-params/5.3.1/junit-jupiter-params-5.3.1.jar
7f2f1c3fb000-7f2f1c3ff000 r--s 00019000 fd:04 1966847                    /home/llu/.m2/repository/org/junit/jupiter/junit-jupiter-api/5.3.1/junit-jupiter-api-5.3.1.jar
7f2f1c3ff000-7f2f1c406000 r--s 0003f000 fd:04 1969823                    /home/llu/.m2/repository/commons-codec/commons-codec/1.10/commons-codec-1.10.jar
7f2f1c406000-7f2f1c408000 r--s 0000e000 fd:04 1969375                    /home/llu/.m2/repository/commons-logging/commons-logging/1.2/commons-logging-1.2.jar
7f2f1c408000-7f2f1c40f000 r--s 00049000 fd:04 1879095                    /home/llu/.m2/repository/org/apache/httpcomponents/httpcore/4.4.10/httpcore-4.4.10.jar
7f2f1c40f000-7f2f1c41c000 r--s 000af000 fd:04 1879093                    /home/llu/.m2/repository/org/apache/httpcomponents/httpclient/4.5.6/httpclient-4.5.6.jar
7f2f1c41c000-7f2f1c41f000 r--s 0000e000 fd:04 1839127                    /home/llu/.m2/repository/com/fasterxml/jackson/core/jackson-annotations/2.9.0/jackson-annotations-2.9.0.jar
7f2f1c41f000-7f2f1c432000 r--s 00137000 fd:04 1839129                    /home/llu/.m2/repository/com/fasterxml/jackson/core/jackson-databind/2.9.7/jackson-databind-2.9.7.jar
7f2f1c432000-7f2f1c436000 r--s 0004c000 fd:04 1839125                    /home/llu/.m2/repository/com/fasterxml/jackson/core/jackson-core/2.9.7/jackson-core-2.9.7.jar
7f2f1c436000-7f2f1c43e000 r--s 00073000 fd:04 1966846                    /home/llu/.m2/repository/org/apache/commons/commons-lang3/3.8.1/commons-lang3-3.8.1.jar
7f2f1c43e000-7f2f1c442000 r--s 00031000 fd:04 1966843                    /home/llu/.m2/repository/commons-io/commons-io/2.6/commons-io-2.6.jar
7f2f1c442000-7f2f1c44d000 r--s 00069000 fd:04 1966841                    /home/llu/.m2/repository/ch/qos/logback/logback-core/1.2.3/logback-core-1.2.3.jar
7f2f1c44d000-7f2f1c453000 r--s 00041000 fd:04 1966839                    /home/llu/.m2/repository/ch/qos/logback/logback-classic/1.2.3/logback-classic-1.2.3.jar
7f2f1c453000-7f2f1c457000 r--s 000c3000 fd:04 1966838                    /home/llu/.m2/repository/org/apache/sling/org.apache.sling.commons.log/5.1.10/org.apache.sling.commons.log-5.1.10.jar
7f2f1c457000-7f2f1c45a000 r--s 00016000 fd:04 2318063                    /home/llu/.m2/repository/org/apache/jackrabbit/oak-commons/1.8.8/oak-commons-1.8.8.jar
7f2f1c45a000-7f2f1c45c000 r--s 00003000 fd:04 1966835                    /home/llu/.m2/repository/org/jetbrains/annotations/16.0.2/annotations-16.0.2.jar
7f2f1c45c000-7f2f1c45f000 r--s 00008000 fd:04 1966834                    /home/llu/.m2/repository/org/apache/jackrabbit/jackrabbit-api/2.16.3/jackrabbit-api-2.16.3.jar
7f2f1c45f000-7f2f1c468000 r--s 0005a000 fd:04 1966832                    /home/llu/.m2/repository/org/apache/jackrabbit/jackrabbit-jcr-commons/2.16.3/jackrabbit-jcr-commons-2.16.3.jar
7f2f1c468000-7f2f1c469000 r--s 00002000 fd:04 1966829                    /home/llu/.m2/repository/org/apache/geronimo/specs/geronimo-atinject_1.0_spec/1.1/geronimo-atinject_1.0_spec-1.1.jar
7f2f1c469000-7f2f1c46b000 r--s 00005000 fd:04 1920831                    /home/llu/.m2/repository/org/apache/sling/org.apache.sling.event.api/1.0.0/org.apache.sling.event.api-1.0.0.jar
7f2f1c46b000-7f2f1c471000 r--s 00049000 fd:04 1920829                    /home/llu/.m2/repository/org/apache/sling/org.apache.sling.event/4.2.12/org.apache.sling.event-4.2.12.jar
7f2f1c471000-7f2f1c475000 r--s 00023000 fd:04 1969761                    /home/llu/.m2/repository/org/apache/sling/org.apache.sling.models.impl/1.4.8/org.apache.sling.models.impl-1.4.8.jar
7f2f1c475000-7f2f1c478000 r--s 00008000 fd:04 1966820                    /home/llu/.m2/repository/org/apache/sling/org.apache.sling.models.api/1.3.6/org.apache.sling.models.api-1.3.6.jar
7f2f1c478000-7f2f1c47a000 r--s 00002000 fd:04 1966827                    /home/llu/.m2/repository/org/apache/sling/org.apache.sling.jcr.api/2.4.0/org.apache.sling.jcr.api-2.4.0.jar
7f2f1c47a000-7f2f1c47c000 r--s 00006000 fd:04 1966823                    /home/llu/.m2/repository/org/slf4j/slf4j-api/1.7.6/slf4j-api-1.7.6.jar
7f2f1c47c000-7f2f1c47f000 r--s 00013000 fd:04 1966821                    /home/llu/.m2/repository/org/apache/sling/org.apache.sling.scripting.sightly.compiler.java/1.0.26-1.4.0/org.apache.sling.scripting.sightly.compiler.java-1.0.26-1.4.0.jar
7f2f1c47f000-7f2f1c481000 r--s 00007000 fd:04 1966819                    /home/llu/.m2/repository/org/apache/geronimo/specs/geronimo-json_1.1_spec/1.0/geronimo-json_1.1_spec-1.0.jar
7f2f1c481000-7f2f1c485000 r--s 0001f000 fd:04 1966786                    /home/llu/.m2/repository/org/apache/sling/org.apache.sling.commons.johnzon/1.1.2/org.apache.sling.commons.johnzon-1.1.2.jar
7f2f1c485000-7f2f1c487000 r--s 00007000 fd:04 1966815                    /home/llu/.m2/repository/org/apache/felix/org.apache.felix.scr.annotations/1.12.0/org.apache.felix.scr.annotations-1.12.0.jar
7f2f1c487000-7f2f1c48b000 r--s 00029000 fd:04 1975946                    /home/llu/.m2/repository/org/apache/sling/org.apache.sling.servlets.post/2.3.26/org.apache.sling.servlets.post-2.3.26.jar
7f2f1c48b000-7f2f1c48d000 r--s 0000a000 fd:04 1966814                    /home/llu/.m2/repository/org/osgi/org.osgi.service.component/1.4.0/org.osgi.service.component-1.4.0.jar
7f2f1c48d000-7f2f1c48e000 r--s 00002000 fd:04 1966813                    /home/llu/.m2/repository/org/apache/sling/org.apache.sling.servlets.annotations/1.1.0/org.apache.sling.servlets.annotations-1.1.0.jar
7f2f1c48e000-7f2f1c493000 r--s 0001c000 fd:04 1969759                    /home/llu/.m2/repository/org/apache/sling/org.apache.sling.api/2.18.4/org.apache.sling.api-2.18.4.jar
7f2f1c493000-7f2f1c496000 r--s 0000e000 fd:04 1966807                    /home/llu/.m2/repository/javax/jcr/jcr/2.0/jcr-2.0.jar
7f2f1c496000-7f2f1c498000 r--s 00009000 fd:04 1966805                    /home/llu/.m2/repository/org/osgi/org.osgi.service.component.annotations/1.4.0/org.osgi.service.component.annotations-1.4.0.jar
7f2f1c498000-7f2f1c4a1000 r--s 00061000 fd:04 1966803                    /home/llu/.m2/repository/org/osgi/org.osgi.core/5.0.0/org.osgi.core-5.0.0.jar
7f2f1c4a1000-7f2f1c4af000 r--s 00088000 fd:04 1836235                    /home/llu/.m2/repository/org/osgi/org.osgi.compendium/4.2.0/org.osgi.compendium-4.2.0.jar
7f2f1c4af000-7f2f1c4b1000 r--s 00018000 fd:04 1966802                    /home/llu/.m2/repository/javax/servlet/servlet-api/2.5/servlet-api-2.5.jar
7f2f1c4b1000-7f2f1c4b7000 r--s 0005b000 fd:04 2860020                    /home/llu/.m2/repository/org/jsoup/jsoup/1.12.1/jsoup-1.12.1.jar
7f2f1c4b7000-7f2f1c4b9000 r--s 00006000 fd:04 2860335                    /home/llu/.m2/repository/org/apache/geronimo/specs/geronimo-jms_1.1_spec/1.1/geronimo-jms_1.1_spec-1.1.jar
7f2f1c4b9000-7f2f1c4bd000 r--s 0001d000 fd:04 2897732                    /home/llu/.m2/repository/org/apache/sling/org.apache.sling.query/3.0.0/org.apache.sling.query-3.0.0.jar
7f2f1c4bd000-7f2f1c4bf000 r--s 00003000 fd:04 2087648                    /home/llu/.m2/repository/org/apache/geronimo/specs/geronimo-j2ee-management_1.1_spec/1.0.1/geronimo-j2ee-management_1.1_spec-1.0.1.jar
7f2f1c4bf000-7f2f1c4c1000 r--s 0000b000 fd:04 1946801                    /home/llu/.m2/repository/org/fusesource/hawtbuf/hawtbuf/1.11/hawtbuf-1.11.jar
7f2f1c4c1000-7f2f1c4da000 r--s 00145000 fd:04 2893718                    /home/llu/.m2/repository/org/apache/activemq/activemq-client/5.15.11/activemq-client-5.15.11.jar
7f2f1c4da000-7f2f1c4df000 r--s 0002e000 fd:04 2625931                    /home/llu/.m2/repository/org/apache/commons/commons-text/1.8/commons-text-1.8.jar
7f2f1c4df000-7f2f1c550000 r--s 00bc1000 fd:04 2887393                    /home/llu/.m2/repository/com/ibm/icu/icu4j/64.2/icu4j-64.2.jar
7f2f1c550000-7f2f1c551000 r--s 00000000 fd:04 1966799                    /home/llu/.m2/repository/org/codehaus/mojo/animal-sniffer-annotations/1.17/animal-sniffer-annotations-1.17.jar
7f2f1c551000-7f2f1c553000 r--s 00001000 fd:04 1966798                    /home/llu/.m2/repository/com/google/j2objc/j2objc-annotations/1.1/j2objc-annotations-1.1.jar
7f2f1c553000-7f2f1c555000 r--s 00002000 fd:04 1966795                    /home/llu/.m2/repository/com/google/errorprone/error_prone_annotations/2.2.0/error_prone_annotations-2.2.0.jar
7f2f1c555000-7f2f1c55f000 r--s 00026000 fd:04 1966793                    /home/llu/.m2/repository/org/checkerframework/checker-qual/2.5.2/checker-qual-2.5.2.jar
7f2f1c55f000-7f2f1c561000 r--s 00003000 fd:04 1966792                    /home/llu/.m2/repository/com/google/code/findbugs/jsr305/3.0.2/jsr305-3.0.2.jar
7f2f1c561000-7f2f1c563000 r--s 00000000 fd:04 1966787                    /home/llu/.m2/repository/com/google/guava/failureaccess/1.0.1/failureaccess-1.0.1.jar
7f2f1c563000-7f2f1c595000 r--s 0026d000 fd:04 1966785                    /home/llu/.m2/repository/com/google/guava/guava/27.0.1-jre/guava-27.0.1-jre.jar
7f2f1c595000-7f2f1c597000 r--s 0000d000 fd:04 1966783                    /home/llu/.m2/repository/com/beust/jcommander/1.35/jcommander-1.35.jar
7f2f1c597000-7f2f1c5e4000 r--s 00ba0000 fd:04 1972281                    /home/llu/.m2/repository/org/jruby/jruby-stdlib/9.2.7.0/jruby-stdlib-9.2.7.0.jar
7f2f1c5e4000-7f2f1c5e6000 r--s 00002000 fd:04 1921181                    /home/llu/.m2/repository/com/headius/backport9/1.2/backport9-1.2.jar
7f2f1c5e6000-7f2f1c5f7000 r--s 0008a000 fd:04 1836646                    /home/llu/.m2/repository/joda-time/joda-time/2.9.9/joda-time-2.9.9.jar
7f2f1c5f7000-7f2f1c5f9000 r--s 00007000 fd:04 1836645                    /home/llu/.m2/repository/com/martiansoftware/nailgun-server/0.9.1/nailgun-server-0.9.1.jar
7f2f1c5f9000-7f2f1c5fb000 r--s 00010000 fd:04 1836644                    /home/llu/.m2/repository/com/jcraft/jzlib/1.1.3/jzlib-1.1.3.jar
7f2f1c5fb000-7f2f1c60b000 r--s 0018b000 fd:04 1921179                    /home/llu/.m2/repository/org/jruby/jcodings/jcodings/1.0.43/jcodings-1.0.43.jar
7f2f1c60b000-7f2f1c6c9000 r--s 008f5000 fd:04 1921175                    /home/llu/.m2/repository/org/jruby/jruby-core/9.2.7.0/jruby-core-9.2.7.0.jar
7f2f1c6c9000-7f2f1c6ca000 ---p 00000000 00:00 0 
7f2f1c6ca000-7f2f1c7ca000 rw-p 00000000 00:00 0 
7f2f1c7ca000-7f2f1c7cd000 ---p 00000000 00:00 0 
7f2f1c7cd000-7f2f1e0cc000 rw-p 00000000 00:00 0 
7f2f1e0cc000-7f2f1e0e2000 r-xp 00000000 fd:01 3417108                    /usr/local/java/jdk1.8.0_211/jre/lib/amd64/libnet.so
7f2f1e0e2000-7f2f1e2e1000 ---p 00016000 fd:01 3417108                    /usr/local/java/jdk1.8.0_211/jre/lib/amd64/libnet.so
7f2f1e2e1000-7f2f1e2e2000 r--p 00015000 fd:01 3417108                    /usr/local/java/jdk1.8.0_211/jre/lib/amd64/libnet.so
7f2f1e2e2000-7f2f1e2e3000 rw-p 00016000 fd:01 3417108                    /usr/local/java/jdk1.8.0_211/jre/lib/amd64/libnet.so
7f2f1e2e3000-7f2f1e2e4000 ---p 00000000 00:00 0 
7f2f1e2e4000-7f2f1e2e7000 ---p 00000000 00:00 0 
7f2f1e2e7000-7f2f1e3e4000 rw-p 00000000 00:00 0 
7f2f1e3e4000-7f2f1e3e5000 ---p 00000000 00:00 0 
7f2f1e3e5000-7f2f1e3e8000 ---p 00000000 00:00 0 
7f2f1e3e8000-7f2f1e4e5000 rw-p 00000000 00:00 0 
7f2f1e4e5000-7f2f1e4e6000 ---p 00000000 00:00 0 
7f2f1e4e6000-7f2f1e4e9000 ---p 00000000 00:00 0 
7f2f1e4e9000-7f2f1e5e6000 rw-p 00000000 00:00 0 
7f2f1e5e6000-7f2f1e5e7000 ---p 00000000 00:00 0 
7f2f1e5e7000-7f2f1e5ea000 ---p 00000000 00:00 0 
7f2f1e5ea000-7f2f1e6e7000 rw-p 00000000 00:00 0 
7f2f1e6e7000-7f2f1e6ea000 ---p 00000000 00:00 0 
7f2f1e6ea000-7f2f1e7e8000 rw-p 00000000 00:00 0 
7f2f1e7e8000-7f2f1e7eb000 ---p 00000000 00:00 0 
7f2f1e7eb000-7f2f1e8e9000 rw-p 00000000 00:00 0 
7f2f1e8e9000-7f2f1e8ec000 ---p 00000000 00:00 0 
7f2f1e8ec000-7f2f1e9ea000 rw-p 00000000 00:00 0 
7f2f1e9ea000-7f2f1e9ed000 ---p 00000000 00:00 0 
7f2f1e9ed000-7f2f1eaeb000 rw-p 00000000 00:00 0 
7f2f1eaeb000-7f2f1eaec000 ---p 00000000 00:00 0 
7f2f1eaec000-7f2f20000000 rw-p 00000000 00:00 0 
7f2f20000000-7f2f20021000 rw-p 00000000 00:00 0 
7f2f20021000-7f2f24000000 ---p 00000000 00:00 0 
7f2f24000000-7f2f24001000 r--s 00000000 fd:04 1966789                    /home/llu/.m2/repository/com/google/guava/listenablefuture/9999.0-empty-to-avoid-conflict-with-guava/listenablefuture-9999.0-empty-to-avoid-conflict-with-guava.jar
7f2f24001000-7f2f24002000 r--s 00003000 fd:04 1836640                    /home/llu/.m2/repository/com/headius/options/1.4/options-1.4.jar
7f2f24002000-7f2f24004000 r--s 0000b000 fd:04 1836639                    /home/llu/.m2/repository/com/headius/invokebinder/1.11/invokebinder-1.11.jar
7f2f24004000-7f2f24006000 r--s 00003000 fd:04 1836636                    /home/llu/.m2/repository/org/jruby/dirgra/0.3/dirgra-0.3.jar
7f2f24006000-7f2f2400a000 r--s 00033000 fd:04 1921177                    /home/llu/.m2/repository/org/jruby/joni/joni/2.1.26/joni-2.1.26.jar
7f2f2400a000-7f2f2400c000 r--s 000af000 fd:04 1836631                    /home/llu/.m2/repository/com/github/jnr/jffi/1.2.18/jffi-1.2.18-native.jar
7f2f2400c000-7f2f2400f000 r--s 00022000 fd:04 1836628                    /home/llu/.m2/repository/com/github/jnr/jffi/1.2.18/jffi-1.2.18.jar
7f2f2400f000-7f2f24018000 r--s 0007e000 fd:04 1836627                    /home/llu/.m2/repository/com/github/jnr/jnr-constants/0.9.12/jnr-constants-0.9.12.jar
7f2f24018000-7f2f2401d000 r--s 00036000 fd:04 1836624                    /home/llu/.m2/repository/com/github/jnr/jnr-posix/3.0.49/jnr-posix-3.0.49.jar
7f2f2401d000-7f2f2401e000 r--s 0000a000 fd:04 1836623                    /home/llu/.m2/repository/com/github/jnr/jnr-unixsocket/0.20/jnr-unixsocket-0.20.jar
7f2f2401e000-7f2f24020000 r--s 00006000 fd:04 1836622                    /home/llu/.m2/repository/com/github/jnr/jnr-enxio/0.19/jnr-enxio-0.19.jar
7f2f24020000-7f2f24626000 rw-p 00000000 00:00 0 
7f2f24626000-7f2f24800000 r--s 03d6d000 fd:01 3416784                    /usr/local/java/jdk1.8.0_211/jre/lib/rt.jar
7f2f24800000-7f2f25000000 rw-p 00000000 00:00 0 
7f2f25000000-7f2f25c40000 rwxp 00000000 00:00 0 
7f2f25c40000-7f2f34000000 ---p 00000000 00:00 0 
7f2f34000000-7f2f35774000 rw-p 00000000 00:00 0 
7f2f35774000-7f2f38000000 ---p 00000000 00:00 0 
7f2f38000000-7f2f38003000 r--s 0000d000 fd:04 1836616                    /home/llu/.m2/repository/com/github/jnr/jnr-netdb/1.1.6/jnr-netdb-1.1.6.jar
7f2f38003000-7f2f38004000 r--s 0000a000 fd:04 1921171                    /home/llu/.m2/repository/org/jruby/jruby/9.2.7.0/jruby-9.2.7.0.jar
7f2f38004000-7f2f38006000 r--s 0000c000 fd:04 1921173                    /home/llu/.m2/repository/org/asciidoctor/asciidoctorj-api/2.1.0/asciidoctorj-api-2.1.0.jar
7f2f38006000-7f2f38020000 r--s 0016b000 fd:04 1921169                    /home/llu/.m2/repository/org/asciidoctor/asciidoctorj/2.1.0/asciidoctorj-2.1.0.jar
7f2f38020000-7f2f38033000 r--s 000d6000 fd:01 3416772                    /usr/local/java/jdk1.8.0_211/jre/lib/plugin.jar
7f2f38033000-7f2f38034000 r--s 00000000 fd:01 3417102                    /usr/local/java/jdk1.8.0_211/jre/lib/management-agent.jar
7f2f38034000-7f2f38036000 r--s 00007000 fd:01 3417071                    /usr/local/java/jdk1.8.0_211/jre/lib/jfxswt.jar
7f2f38036000-7f2f38040000 r--s 0006e000 fd:01 3416978                    /usr/local/java/jdk1.8.0_211/jre/lib/javaws.jar
7f2f38040000-7f2f3805b000 r--s 0020c000 fd:01 3416773                    /usr/local/java/jdk1.8.0_211/jre/lib/deploy.jar
7f2f3805b000-7f2f3805c000 r--s 00001000 fd:04 1966851                    /home/llu/.m2/repository/org/opentest4j/opentest4j/1.1.1/opentest4j-1.1.1.jar
7f2f3805c000-7f2f3805f000 r--s 00011000 fd:04 1966854                    /home/llu/.m2/repository/org/junit/platform/junit-platform-commons/1.3.1/junit-platform-commons-1.3.1.jar
7f2f3805f000-7f2f38063000 r--s 0001d000 fd:04 1966859                    /home/llu/.m2/repository/org/junit/platform/junit-platform-engine/1.3.1/junit-platform-engine-1.3.1.jar
7f2f38063000-7f2f38a5e000 rw-p 00000000 00:00 0 
7f2f38a5e000-7f2f38a5f000 ---p 00000000 00:00 0 
7f2f38a5f000-7f2f38b5f000 rw-p 00000000 00:00 0 
7f2f38b5f000-7f2f38b60000 ---p 00000000 00:00 0 
7f2f38b60000-7f2f38c60000 rw-p 00000000 00:00 0 
7f2f38c60000-7f2f38c61000 ---p 00000000 00:00 0 
7f2f38c61000-7f2f38d61000 rw-p 00000000 00:00 0 
7f2f38d61000-7f2f38d62000 ---p 00000000 00:00 0 
7f2f38d62000-7f2f38e62000 rw-p 00000000 00:00 0 
7f2f38e62000-7f2f38e63000 ---p 00000000 00:00 0 
7f2f38e63000-7f2f38f63000 rw-p 00000000 00:00 0 
7f2f38f63000-7f2f38f64000 ---p 00000000 00:00 0 
7f2f38f64000-7f2f39064000 rw-p 00000000 00:00 0 
7f2f39064000-7f2f39065000 ---p 00000000 00:00 0 
7f2f39065000-7f2f39165000 rw-p 00000000 00:00 0 
7f2f39165000-7f2f39166000 ---p 00000000 00:00 0 
7f2f39166000-7f2f39292000 rw-p 00000000 00:00 0 
7f2f39292000-7f2f39770000 ---p 00000000 00:00 0 
7f2f39770000-7f2f3979c000 rw-p 00000000 00:00 0 
7f2f3979c000-7f2f39c79000 ---p 00000000 00:00 0 
7f2f39c79000-7f2f39d75000 rw-p 00000000 00:00 0 
7f2f39d75000-7f2f39efe000 ---p 00000000 00:00 0 
7f2f39efe000-7f2f39f30000 rw-p 00000000 00:00 0 
7f2f39f30000-7f2f3a2bf000 ---p 00000000 00:00 0 
7f2f3a2bf000-7f2f3a2da000 r-xp 00000000 fd:01 3417131                    /usr/local/java/jdk1.8.0_211/jre/lib/amd64/libzip.so
7f2f3a2da000-7f2f3a4d9000 ---p 0001b000 fd:01 3417131                    /usr/local/java/jdk1.8.0_211/jre/lib/amd64/libzip.so
7f2f3a4d9000-7f2f3a4da000 r--p 0001a000 fd:01 3417131                    /usr/local/java/jdk1.8.0_211/jre/lib/amd64/libzip.so
7f2f3a4da000-7f2f3a4db000 rw-p 0001b000 fd:01 3417131                    /usr/local/java/jdk1.8.0_211/jre/lib/amd64/libzip.so
7f2f3a4db000-7f2f3a4e5000 r-xp 00000000 fd:01 3417133                    /usr/local/java/jdk1.8.0_211/jre/lib/amd64/libinstrument.so
7f2f3a4e5000-7f2f3a6e4000 ---p 0000a000 fd:01 3417133                    /usr/local/java/jdk1.8.0_211/jre/lib/amd64/libinstrument.so
7f2f3a6e4000-7f2f3a6e5000 r--p 00009000 fd:01 3417133                    /usr/local/java/jdk1.8.0_211/jre/lib/amd64/libinstrument.so
7f2f3a6e5000-7f2f3a6e6000 rw-p 0000a000 fd:01 3417133                    /usr/local/java/jdk1.8.0_211/jre/lib/amd64/libinstrument.so
7f2f3a6e6000-7f2f3a712000 r-xp 00000000 fd:01 3417122                    /usr/local/java/jdk1.8.0_211/jre/lib/amd64/libjava.so
7f2f3a712000-7f2f3a912000 ---p 0002c000 fd:01 3417122                    /usr/local/java/jdk1.8.0_211/jre/lib/amd64/libjava.so
7f2f3a912000-7f2f3a913000 r--p 0002c000 fd:01 3417122                    /usr/local/java/jdk1.8.0_211/jre/lib/amd64/libjava.so
7f2f3a913000-7f2f3a915000 rw-p 0002d000 fd:01 3417122                    /usr/local/java/jdk1.8.0_211/jre/lib/amd64/libjava.so
7f2f3a915000-7f2f3a922000 r-xp 00000000 fd:01 3417113                    /usr/local/java/jdk1.8.0_211/jre/lib/amd64/libverify.so
7f2f3a922000-7f2f3ab21000 ---p 0000d000 fd:01 3417113                    /usr/local/java/jdk1.8.0_211/jre/lib/amd64/libverify.so
7f2f3ab21000-7f2f3ab23000 r--p 0000c000 fd:01 3417113                    /usr/local/java/jdk1.8.0_211/jre/lib/amd64/libverify.so
7f2f3ab23000-7f2f3ab24000 rw-p 0000e000 fd:01 3417113                    /usr/local/java/jdk1.8.0_211/jre/lib/amd64/libverify.so
7f2f3ab24000-7f2f3ab26000 r--p 00000000 fd:01 3159294                    /usr/lib64/librt-2.28.so
7f2f3ab26000-7f2f3ab2a000 r-xp 00002000 fd:01 3159294                    /usr/lib64/librt-2.28.so
7f2f3ab2a000-7f2f3ab2c000 r--p 00006000 fd:01 3159294                    /usr/lib64/librt-2.28.so
7f2f3ab2c000-7f2f3ab2d000 r--p 00007000 fd:01 3159294                    /usr/lib64/librt-2.28.so
7f2f3ab2d000-7f2f3ab2e000 rw-p 00008000 fd:01 3159294                    /usr/lib64/librt-2.28.so
7f2f3ab2e000-7f2f3ab2f000 ---p 00000000 00:00 0 
7f2f3ab2f000-7f2f3ab32000 ---p 00000000 00:00 0 
7f2f3ab32000-7f2f3ac2f000 rw-p 00000000 00:00 0 
7f2f3ac2f000-7f2f3ac3c000 r--p 00000000 fd:01 3159233                    /usr/lib64/libm-2.28.so
7f2f3ac3c000-7f2f3acdc000 r-xp 0000d000 fd:01 3159233                    /usr/lib64/libm-2.28.so
7f2f3acdc000-7f2f3adb1000 r--p 000ad000 fd:01 3159233                    /usr/lib64/libm-2.28.so
7f2f3adb1000-7f2f3adb2000 r--p 00181000 fd:01 3159233                    /usr/lib64/libm-2.28.so
7f2f3adb2000-7f2f3adb3000 rw-p 00182000 fd:01 3159233                    /usr/lib64/libm-2.28.so
7f2f3adb3000-7f2f3ba9b000 r-xp 00000000 fd:01 3417129                    /usr/local/java/jdk1.8.0_211/jre/lib/amd64/server/libjvm.so
7f2f3ba9b000-7f2f3bc9a000 ---p 00ce8000 fd:01 3417129                    /usr/local/java/jdk1.8.0_211/jre/lib/amd64/server/libjvm.so
7f2f3bc9a000-7f2f3bd30000 r--p 00ce7000 fd:01 3417129                    /usr/local/java/jdk1.8.0_211/jre/lib/amd64/server/libjvm.so
7f2f3bd30000-7f2f3bd61000 rw-p 00d7d000 fd:01 3417129                    /usr/local/java/jdk1.8.0_211/jre/lib/amd64/server/libjvm.so
7f2f3bd61000-7f2f3bd9e000 rw-p 00000000 00:00 0 
7f2f3bd9e000-7f2f3bdc0000 r--p 00000000 fd:01 3158922                    /usr/lib64/libc-2.28.so
7f2f3bdc0000-7f2f3bf0d000 r-xp 00022000 fd:01 3158922                    /usr/lib64/libc-2.28.so
7f2f3bf0d000-7f2f3bf59000 r--p 0016f000 fd:01 3158922                    /usr/lib64/libc-2.28.so
7f2f3bf59000-7f2f3bf5a000 ---p 001bb000 fd:01 3158922                    /usr/lib64/libc-2.28.so
7f2f3bf5a000-7f2f3bf5e000 r--p 001bb000 fd:01 3158922                    /usr/lib64/libc-2.28.so
7f2f3bf5e000-7f2f3bf60000 rw-p 001bf000 fd:01 3158922                    /usr/lib64/libc-2.28.so
7f2f3bf60000-7f2f3bf64000 rw-p 00000000 00:00 0 
7f2f3bf64000-7f2f3bf65000 r--p 00000000 fd:01 3159216                    /usr/lib64/libdl-2.28.so
7f2f3bf65000-7f2f3bf67000 r-xp 00001000 fd:01 3159216                    /usr/lib64/libdl-2.28.so
7f2f3bf67000-7f2f3bf68000 r--p 00003000 fd:01 3159216                    /usr/lib64/libdl-2.28.so
7f2f3bf68000-7f2f3bf69000 r--p 00003000 fd:01 3159216                    /usr/lib64/libdl-2.28.so
7f2f3bf69000-7f2f3bf6a000 rw-p 00004000 fd:01 3159216                    /usr/lib64/libdl-2.28.so
7f2f3bf6a000-7f2f3bf81000 r-xp 00000000 fd:01 3415778                    /usr/local/java/jdk1.8.0_211/lib/amd64/jli/libjli.so
7f2f3bf81000-7f2f3c180000 ---p 00017000 fd:01 3415778                    /usr/local/java/jdk1.8.0_211/lib/amd64/jli/libjli.so
7f2f3c180000-7f2f3c181000 r--p 00016000 fd:01 3415778                    /usr/local/java/jdk1.8.0_211/lib/amd64/jli/libjli.so
7f2f3c181000-7f2f3c182000 rw-p 00017000 fd:01 3415778                    /usr/local/java/jdk1.8.0_211/lib/amd64/jli/libjli.so
7f2f3c182000-7f2f3c188000 r--p 00000000 fd:01 3159253                    /usr/lib64/libpthread-2.28.so
7f2f3c188000-7f2f3c198000 r-xp 00006000 fd:01 3159253                    /usr/lib64/libpthread-2.28.so
7f2f3c198000-7f2f3c19e000 r--p 00016000 fd:01 3159253                    /usr/lib64/libpthread-2.28.so
7f2f3c19e000-7f2f3c19f000 r--p 0001b000 fd:01 3159253                    /usr/lib64/libpthread-2.28.so
7f2f3c19f000-7f2f3c1a0000 rw-p 0001c000 fd:01 3159253                    /usr/lib64/libpthread-2.28.so
7f2f3c1a0000-7f2f3c1a6000 rw-p 00000000 00:00 0 
7f2f3c1a6000-7f2f3c1a7000 r--s 00000000 fd:04 1966850                    /home/llu/.m2/repository/org/apiguardian/apiguardian-api/1.0.0/apiguardian-api-1.0.0.jar
7f2f3c1a7000-7f2f3c1aa000 r--s 00015000 fd:04 2629725                    /home/llu/.m2/repository/org/junit/platform/junit-platform-launcher/1.3.1/junit-platform-launcher-1.3.1.jar
7f2f3c1aa000-7f2f3c1ac000 r--s 00008000 fd:04 1740065                    /home/llu/ideaIC-2018.1/idea-IC-181.4203.550/plugins/junit/lib/junit5-rt.jar
7f2f3c1ac000-7f2f3c1af000 r--s 0001f000 fd:04 1740064                    /home/llu/ideaIC-2018.1/idea-IC-181.4203.550/plugins/junit/lib/junit-rt.jar
7f2f3c1af000-7f2f3c1b1000 r--s 0001a000 fd:04 1729580                    /home/llu/ideaIC-2018.1/idea-IC-181.4203.550/lib/idea_rt.jar
7f2f3c1b1000-7f2f3c1b9000 rw-s 00000000 00:2a 4439693                    /tmp/hsperfdata_llu/16010
7f2f3c1b9000-7f2f3c1bc000 r--p 00000000 fd:01 3159247                    /usr/lib64/libnss_files-2.28.so
7f2f3c1bc000-7f2f3c1c3000 r-xp 00003000 fd:01 3159247                    /usr/lib64/libnss_files-2.28.so
7f2f3c1c3000-7f2f3c1c5000 r--p 0000a000 fd:01 3159247                    /usr/lib64/libnss_files-2.28.so
7f2f3c1c5000-7f2f3c1c6000 ---p 0000c000 fd:01 3159247                    /usr/lib64/libnss_files-2.28.so
7f2f3c1c6000-7f2f3c1c7000 r--p 0000c000 fd:01 3159247                    /usr/lib64/libnss_files-2.28.so
7f2f3c1c7000-7f2f3c1c8000 rw-p 0000d000 fd:01 3159247                    /usr/lib64/libnss_files-2.28.so
7f2f3c1c8000-7f2f3c1cf000 rw-p 00000000 00:00 0 
7f2f3c1cf000-7f2f3c1d0000 r--p 00000000 fd:01 3153176                    /usr/lib64/ld-2.28.so
7f2f3c1d0000-7f2f3c1f0000 r-xp 00001000 fd:01 3153176                    /usr/lib64/ld-2.28.so
7f2f3c1f0000-7f2f3c1f8000 r--p 00021000 fd:01 3153176                    /usr/lib64/ld-2.28.so
7f2f3c1f8000-7f2f3c1f9000 ---p 00000000 00:00 0 
7f2f3c1f9000-7f2f3c1fa000 r--p 00029000 fd:01 3153176                    /usr/lib64/ld-2.28.so
7f2f3c1fa000-7f2f3c1fb000 rw-p 0002a000 fd:01 3153176                    /usr/lib64/ld-2.28.so
7f2f3c1fb000-7f2f3c1fc000 rw-p 00000000 00:00 0 
7ffcc5b0d000-7ffcc5b32000 rw-p 00000000 00:00 0                          [stack]
7ffcc5ba9000-7ffcc5bac000 r--p 00000000 00:00 0                          [vvar]
7ffcc5bac000-7ffcc5bad000 r-xp 00000000 00:00 0                          [vdso]
ffffffffff600000-ffffffffff601000 r-xp 00000000 00:00 0                  [vsyscall]

VM Arguments:
jvm_args: -ea -Didea.test.cyclic.buffer.size=1048576 -javaagent:/home/llu/ideaIC-2018.1/idea-IC-181.4203.550/lib/idea_rt.jar=41029:/home/llu/ideaIC-2018.1/idea-IC-181.4203.550/bin -Dfile.encoding=UTF-8 
java_command: com.intellij.rt.execution.junit.JUnitStarter -ideVersion5 -junit5 com.redhat.pantheon.servlet.ModuleListingServletTest
java_class_path (initial): /home/llu/ideaIC-2018.1/idea-IC-181.4203.550/lib/idea_rt.jar:/home/llu/ideaIC-2018.1/idea-IC-181.4203.550/plugins/junit/lib/junit-rt.jar:/home/llu/ideaIC-2018.1/idea-IC-181.4203.550/plugins/junit/lib/junit5-rt.jar:/home/llu/.m2/repository/org/junit/platform/junit-platform-launcher/1.3.1/junit-platform-launcher-1.3.1.jar:/home/llu/.m2/repository/org/apiguardian/apiguardian-api/1.0.0/apiguardian-api-1.0.0.jar:/home/llu/.m2/repository/org/junit/platform/junit-platform-engine/1.3.1/junit-platform-engine-1.3.1.jar:/home/llu/.m2/repository/org/junit/platform/junit-platform-commons/1.3.1/junit-platform-commons-1.3.1.jar:/home/llu/.m2/repository/org/opentest4j/opentest4j/1.1.1/opentest4j-1.1.1.jar:/usr/local/java/jdk1.8.0_211/jre/lib/charsets.jar:/usr/local/java/jdk1.8.0_211/jre/lib/deploy.jar:/usr/local/java/jdk1.8.0_211/jre/lib/ext/cldrdata.jar:/usr/local/java/jdk1.8.0_211/jre/lib/ext/dnsns.jar:/usr/local/java/jdk1.8.0_211/jre/lib/ext/jaccess.jar:/usr/local/java/jdk1.8.0_211/jre/lib/ext/jfxrt.jar:/usr/local/java/jdk1.8.0_211/jre/lib/ext/localedata.jar:/usr/local/java/jdk1.8.0_211/jre/lib/ext/nashorn.jar:/usr/local/java/jdk1.8.0_211/jre/lib/ext/sunec.jar:/usr/local/java/jdk1.8.0_211/jre/lib/ext/sunjce_provider.jar:/usr/local/java/jdk1.8.0_211/jre/lib/ext/sunpkcs11.jar:/usr/local/java/jdk1.8.0_211/jre/lib/ext/zipfs.jar:/usr/local/java/jdk1.8.0_211/jre/lib/javaws.jar:/usr/local/java/jdk1.8.0_211/jre/lib/jce.jar:/usr/local/java/jdk1.8.0_211/jre/lib/jfr.jar:/usr/local/java/jdk1.8.0_211/jre/lib/jfxswt.jar:/usr/local/java/jdk1.8.0_211/jre/lib/jsse.jar:/usr/local/java/jdk1.8.0_211/jre/lib/management-agent.jar:/usr/local/java/jdk1.8.0_211/jre/lib/plugin.jar:/usr/local/java/jdk1.8.0_211/jre/lib/resources.jar:/usr/local/java/jdk1.8.0_211/jre/lib/rt.jar:/work/cp:/home/llu/.m2/repository/org/asciidoctor/asciidoctorj/2.1.0/asciidoctorj-2.1.0.jar:/home/llu/.m2/repository/org/asciidoctor/asciidoctorj-api/2.1.0/asciidoctorj-api-2.1.0.jar:/home/llu/.m2/reposito
Launcher Type: SUN_STANDARD

Environment Variables:
JAVA_HOME=/usr/local/java/jdk1.8.0_211
PATH=/home/llu/local/bin:./node_modules/.bin:./vendor/bin:/home/llu/.composer/vendor/bin:/home/llu/bin:/usr/lib64/qt-3.3/bin:/usr/share/Modules/bin:/usr/local/bin:/usr/local/sbin:/usr/bin:/usr/sbin:/home/llu/.composer/vendor/bin:/home/llu/bin:/usr/local/java/jdk1.8.0_211/bin:/home/llu/bin:/usr/share/maven//bin:/home/llu/.rvm/bin:/home/llu/.local/bin:/home/llu/bin:/usr/share/yarn/bin
USERNAME=llu
SHELL=/bin/bash
DISPLAY=:0

Signal Handlers:
SIGSEGV: [libjvm.so+0xad3d90], sa_mask[0]=11111111011111111101111111111110, sa_flags=SA_RESTART|SA_SIGINFO
SIGBUS: [libjvm.so+0xad3d90], sa_mask[0]=11111111011111111101111111111110, sa_flags=SA_RESTART|SA_SIGINFO
SIGFPE: [libjvm.so+0x90b8b0], sa_mask[0]=11111111011111111101111111111110, sa_flags=SA_RESTART|SA_SIGINFO
SIGPIPE: [libjvm.so+0x90b8b0], sa_mask[0]=11111111011111111101111111111110, sa_flags=SA_RESTART|SA_SIGINFO
SIGXFSZ: [libjvm.so+0x90b8b0], sa_mask[0]=11111111011111111101111111111110, sa_flags=SA_RESTART|SA_SIGINFO
SIGILL: [libjvm.so+0x90b8b0], sa_mask[0]=11111111011111111101111111111110, sa_flags=SA_RESTART|SA_SIGINFO
SIGUSR1: SIG_DFL, sa_mask[0]=00000000000000000000000000000000, sa_flags=none
SIGUSR2: [libjvm.so+0x90b780], sa_mask[0]=00100000000000000000000000000000, sa_flags=SA_RESTART|SA_SIGINFO
SIGHUP: [libjvm.so+0x90bda0], sa_mask[0]=11111111011111111101111111111110, sa_flags=SA_RESTART|SA_SIGINFO
SIGINT: [libjvm.so+0x90bda0], sa_mask[0]=11111111011111111101111111111110, sa_flags=SA_RESTART|SA_SIGINFO
SIGTERM: [libjvm.so+0x90bda0], sa_mask[0]=11111111011111111101111111111110, sa_flags=SA_RESTART|SA_SIGINFO
SIGQUIT: [libjvm.so+0x90bda0], sa_mask[0]=11111111011111111101111111111110, sa_flags=SA_RESTART|SA_SIGINFO


---------------  S Y S T E M  ---------------

OS:Fedora release 29 (Twenty Nine)

uname:Linux 5.0.7-200.fc29.x86_64 #1 SMP Mon Apr 8 15:40:59 UTC 2019 x86_64
libc:glibc 2.28 NPTL 2.28 
rlimit: STACK 8192k, CORE infinity, NPROC 61749, NOFILE 524288, AS infinity
load average:26.17 7.15 3.02

/proc/meminfo:
MemTotal:       15841312 kB
MemFree:          135364 kB
MemAvailable:      42876 kB
Buffers:             516 kB
Cached:           961836 kB
SwapCached:            0 kB
Active:         14027516 kB
Inactive:         292764 kB
Active(anon):   14021860 kB
Inactive(anon):   284056 kB
Active(file):       5656 kB
Inactive(file):     8708 kB
Unevictable:      629336 kB
Mlocked:            2976 kB
SwapTotal:             0 kB
SwapFree:              0 kB
Dirty:                 0 kB
Writeback:             0 kB
AnonPages:      13988720 kB
Mapped:           362476 kB
Shmem:            946532 kB
KReclaimable:     139388 kB
Slab:             372184 kB
SReclaimable:     139388 kB
SUnreclaim:       232796 kB
KernelStack:       42208 kB
PageTables:       130368 kB
NFS_Unstable:          0 kB
Bounce:                0 kB
WritebackTmp:          0 kB
CommitLimit:     7920656 kB
Committed_AS:   36206756 kB
VmallocTotal:   34359738367 kB
VmallocUsed:           0 kB
VmallocChunk:          0 kB
Percpu:             4896 kB
HardwareCorrupted:     0 kB
AnonHugePages:         0 kB
ShmemHugePages:        0 kB
ShmemPmdMapped:        0 kB
CmaTotal:              0 kB
CmaFree:               0 kB
HugePages_Total:       0
HugePages_Free:        0
HugePages_Rsvd:        0
HugePages_Surp:        0
Hugepagesize:       2048 kB
Hugetlb:               0 kB
DirectMap4k:      936596 kB
DirectMap2M:    15253504 kB
DirectMap1G:     1048576 kB

container (cgroup) information:
container_type: cgroupv1
cpu_cpuset_cpus: 0-7
cpu_memory_nodes: 0
active_processor_count: 8
cpu_quota: -1
cpu_period: 100000
cpu_shares: -1
memory_limit_in_bytes: -1
memory_and_swap_limit_in_bytes: -1
memory_soft_limit_in_bytes: -1
memory_usage_in_bytes: 13270781952
memory_max_usage_in_bytes: 13276192768


CPU:total 8 (initial active 8) (4 cores per cpu, 2 threads per core) family 6 model 94 stepping 3, cmov, cx8, fxsr, mmx, sse, sse2, sse3, ssse3, sse4.1, sse4.2, popcnt, avx, avx2, aes, clmul, erms, rtm, 3dnowpref, lzcnt, ht, tsc, tscinvbit, bmi1, bmi2, adx

/proc/cpuinfo:
processor	: 0
vendor_id	: GenuineIntel
cpu family	: 6
model		: 94
model name	: Intel(R) Core(TM) i7-6820HQ CPU @ 2.70GHz
stepping	: 3
microcode	: 0xc6
cpu MHz		: 3200.000
cache size	: 8192 KB
physical id	: 0
siblings	: 8
core id		: 0
cpu cores	: 4
apicid		: 0
initial apicid	: 0
fpu		: yes
fpu_exception	: yes
cpuid level	: 22
wp		: yes
flags		: fpu vme de pse tsc msr pae mce cx8 apic sep mtrr pge mca cmov pat pse36 clflush dts acpi mmx fxsr sse sse2 ss ht tm pbe syscall nx pdpe1gb rdtscp lm constant_tsc art arch_perfmon pebs bts rep_good nopl xtopology nonstop_tsc cpuid aperfmperf tsc_known_freq pni pclmulqdq dtes64 monitor ds_cpl vmx smx est tm2 ssse3 sdbg fma cx16 xtpr pdcm pcid sse4_1 sse4_2 x2apic movbe popcnt tsc_deadline_timer aes xsave avx f16c rdrand lahf_lm abm 3dnowprefetch cpuid_fault epb invpcid_single pti ssbd ibrs ibpb stibp tpr_shadow vnmi flexpriority ept vpid ept_ad fsgsbase tsc_adjust bmi1 hle avx2 smep bmi2 erms invpcid rtm mpx rdseed adx smap clflushopt intel_pt xsaveopt xsavec xgetbv1 xsaves dtherm ida arat pln pts hwp hwp_notify hwp_act_window hwp_epp flush_l1d
bugs		: cpu_meltdown spectre_v1 spectre_v2 spec_store_bypass l1tf
bogomips	: 5424.00
clflush size	: 64
cache_alignment	: 64
address sizes	: 39 bits physical, 48 bits virtual
power management:

processor	: 1
vendor_id	: GenuineIntel
cpu family	: 6
model		: 94
model name	: Intel(R) Core(TM) i7-6820HQ CPU @ 2.70GHz
stepping	: 3
microcode	: 0xc6
cpu MHz		: 3199.999
cache size	: 8192 KB
physical id	: 0
siblings	: 8
core id		: 1
cpu cores	: 4
apicid		: 2
initial apicid	: 2
fpu		: yes
fpu_exception	: yes
cpuid level	: 22
wp		: yes
flags		: fpu vme de pse tsc msr pae mce cx8 apic sep mtrr pge mca cmov pat pse36 clflush dts acpi mmx fxsr sse sse2 ss ht tm pbe syscall nx pdpe1gb rdtscp lm constant_tsc art arch_perfmon pebs bts rep_good nopl xtopology nonstop_tsc cpuid aperfmperf tsc_known_freq pni pclmulqdq dtes64 monitor ds_cpl vmx smx est tm2 ssse3 sdbg fma cx16 xtpr pdcm pcid sse4_1 sse4_2 x2apic movbe popcnt tsc_deadline_timer aes xsave avx f16c rdrand lahf_lm abm 3dnowprefetch cpuid_fault epb invpcid_single pti ssbd ibrs ibpb stibp tpr_shadow vnmi flexpriority ept vpid ept_ad fsgsbase tsc_adjust bmi1 hle avx2 smep bmi2 erms invpcid rtm mpx rdseed adx smap clflushopt intel_pt xsaveopt xsavec xgetbv1 xsaves dtherm ida arat pln pts hwp hwp_notify hwp_act_window hwp_epp flush_l1d
bugs		: cpu_meltdown spectre_v1 spectre_v2 spec_store_bypass l1tf
bogomips	: 5424.00
clflush size	: 64
cache_alignment	: 64
address sizes	: 39 bits physical, 48 bits virtual
power management:

processor	: 2
vendor_id	: GenuineIntel
cpu family	: 6
model		: 94
model name	: Intel(R) Core(TM) i7-6820HQ CPU @ 2.70GHz
stepping	: 3
microcode	: 0xc6
cpu MHz		: 3200.000
cache size	: 8192 KB
physical id	: 0
siblings	: 8
core id		: 2
cpu cores	: 4
apicid		: 4
initial apicid	: 4
fpu		: yes
fpu_exception	: yes
cpuid level	: 22
wp		: yes
flags		: fpu vme de pse tsc msr pae mce cx8 apic sep mtrr pge mca cmov pat pse36 clflush dts acpi mmx fxsr sse sse2 ss ht tm pbe syscall nx pdpe1gb rdtscp lm constant_tsc art arch_perfmon pebs bts rep_good nopl xtopology nonstop_tsc cpuid aperfmperf tsc_known_freq pni pclmulqdq dtes64 monitor ds_cpl vmx smx est tm2 ssse3 sdbg fma cx16 xtpr pdcm pcid sse4_1 sse4_2 x2apic movbe popcnt tsc_deadline_timer aes xsave avx f16c rdrand lahf_lm abm 3dnowprefetch cpuid_fault epb invpcid_single pti ssbd ibrs ibpb stibp tpr_shadow vnmi flexpriority ept vpid ept_ad fsgsbase tsc_adjust bmi1 hle avx2 smep bmi2 erms invpcid rtm mpx rdseed adx smap clflushopt intel_pt xsaveopt xsavec xgetbv1 xsaves dtherm ida arat pln pts hwp hwp_notify hwp_act_window hwp_epp flush_l1d
bugs		: cpu_meltdown spectre_v1 spectre_v2 spec_store_bypass l1tf
bogomips	: 5424.00
clflush size	: 64
cache_alignment	: 64
address sizes	: 39 bits physical, 48 bits virtual
power management:

processor	: 3
vendor_id	: GenuineIntel
cpu family	: 6
model		: 94
model name	: Intel(R) Core(TM) i7-6820HQ CPU @ 2.70GHz
stepping	: 3
microcode	: 0xc6
cpu MHz		: 3200.001
cache size	: 8192 KB
physical id	: 0
siblings	: 8
core id		: 3
cpu cores	: 4
apicid		: 6
initial apicid	: 6
fpu		: yes
fpu_exception	: yes
cpuid level	: 22
wp		: yes
flags		: fpu vme de pse tsc msr pae mce cx8 apic sep mtrr pge mca cmov pat pse36 clflush dts acpi mmx fxsr sse sse2 ss ht tm pbe syscall nx pdpe1gb rdtscp lm constant_tsc art arch_perfmon pebs bts rep_good nopl xtopology nonstop_tsc cpuid aperfmperf tsc_known_freq pni pclmulqdq dtes64 monitor ds_cpl vmx smx est tm2 ssse3 sdbg fma cx16 xtpr pdcm pcid sse4_1 sse4_2 x2apic movbe popcnt tsc_deadline_timer aes xsave avx f16c rdrand lahf_lm abm 3dnowprefetch cpuid_fault epb invpcid_single pti ssbd ibrs ibpb stibp tpr_shadow vnmi flexpriority ept vpid ept_ad fsgsbase tsc_adjust bmi1 hle avx2 smep bmi2 erms invpcid rtm mpx rdseed adx smap clflushopt intel_pt xsaveopt xsavec xgetbv1 xsaves dtherm ida arat pln pts hwp hwp_notify hwp_act_window hwp_epp flush_l1d
bugs		: cpu_meltdown spectre_v1 spectre_v2 spec_store_bypass l1tf
bogomips	: 5424.00
clflush size	: 64
cache_alignment	: 64
address sizes	: 39 bits physical, 48 bits virtual
power management:

processor	: 4
vendor_id	: GenuineIntel
cpu family	: 6
model		: 94
model name	: Intel(R) Core(TM) i7-6820HQ CPU @ 2.70GHz
stepping	: 3
microcode	: 0xc6
cpu MHz		: 3200.001
cache size	: 8192 KB
physical id	: 0
siblings	: 8
core id		: 0
cpu cores	: 4
apicid		: 1
initial apicid	: 1
fpu		: yes
fpu_exception	: yes
cpuid level	: 22
wp		: yes
flags		: fpu vme de pse tsc msr pae mce cx8 apic sep mtrr pge mca cmov pat pse36 clflush dts acpi mmx fxsr sse sse2 ss ht tm pbe syscall nx pdpe1gb rdtscp lm constant_tsc art arch_perfmon pebs bts rep_good nopl xtopology nonstop_tsc cpuid aperfmperf tsc_known_freq pni pclmulqdq dtes64 monitor ds_cpl vmx smx est tm2 ssse3 sdbg fma cx16 xtpr pdcm pcid sse4_1 sse4_2 x2apic movbe popcnt tsc_deadline_timer aes xsave avx f16c rdrand lahf_lm abm 3dnowprefetch cpuid_fault epb invpcid_single pti ssbd ibrs ibpb stibp tpr_shadow vnmi flexpriority ept vpid ept_ad fsgsbase tsc_adjust bmi1 hle avx2 smep bmi2 erms invpcid rtm mpx rdseed adx smap clflushopt intel_pt xsaveopt xsavec xgetbv1 xsaves dtherm ida arat pln pts hwp hwp_notify hwp_act_window hwp_epp flush_l1d
bugs		: cpu_meltdown spectre_v1 spectre_v2 spec_store_bypass l1tf
bogomips	: 5424.00
clflush size	: 64
cache_alignment	: 64
address sizes	: 39 bits physical, 48 bits virtual
power management:

processor	: 5
vendor_id	: GenuineIntel
cpu family	: 6
model		: 94
model name	: Intel(R) Core(TM) i7-6820HQ CPU @ 2.70GHz
stepping	: 3
microcode	: 0xc6
cpu MHz		: 3200.000
cache size	: 8192 KB
physical id	: 0
siblings	: 8
core id		: 1
cpu cores	: 4
apicid		: 3
initial apicid	: 3
fpu		: yes
fpu_exception	: yes
cpuid level	: 22
wp		: yes
flags		: fpu vme de pse tsc msr pae mce cx8 apic sep mtrr pge mca cmov pat pse36 clflush dts acpi mmx fxsr sse sse2 ss ht tm pbe syscall nx pdpe1gb rdtscp lm constant_tsc art arch_perfmon pebs bts rep_good nopl xtopology nonstop_tsc cpuid aperfmperf tsc_known_freq pni pclmulqdq dtes64 monitor ds_cpl vmx smx est tm2 ssse3 sdbg fma cx16 xtpr pdcm pcid sse4_1 sse4_2 x2apic movbe popcnt tsc_deadline_timer aes xsave avx f16c rdrand lahf_lm abm 3dnowprefetch cpuid_fault epb invpcid_single pti ssbd ibrs ibpb stibp tpr_shadow vnmi flexpriority ept vpid ept_ad fsgsbase tsc_adjust bmi1 hle avx2 smep bmi2 erms invpcid rtm mpx rdseed adx smap clflushopt intel_pt xsaveopt xsavec xgetbv1 xsaves dtherm ida arat pln pts hwp hwp_notify hwp_act_window hwp_epp flush_l1d
bugs		: cpu_meltdown spectre_v1 spectre_v2 spec_store_bypass l1tf
bogomips	: 5424.00
clflush size	: 64
cache_alignment	: 64
address sizes	: 39 bits physical, 48 bits virtual
power management:

processor	: 6
vendor_id	: GenuineIntel
cpu family	: 6
model		: 94
model name	: Intel(R) Core(TM) i7-6820HQ CPU @ 2.70GHz
stepping	: 3
microcode	: 0xc6
cpu MHz		: 3199.999
cache size	: 8192 KB
physical id	: 0
siblings	: 8
core id		: 2
cpu cores	: 4
apicid		: 5
initial apicid	: 5
fpu		: yes
fpu_exception	: yes
cpuid level	: 22
wp		: yes
flags		: fpu vme de pse tsc msr pae mce cx8 apic sep mtrr pge mca cmov pat pse36 clflush dts acpi mmx fxsr sse sse2 ss ht tm pbe syscall nx pdpe1gb rdtscp lm constant_tsc art arch_perfmon pebs bts rep_good nopl xtopology nonstop_tsc cpuid aperfmperf tsc_known_freq pni pclmulqdq dtes64 monitor ds_cpl vmx smx est tm2 ssse3 sdbg fma cx16 xtpr pdcm pcid sse4_1 sse4_2 x2apic movbe popcnt tsc_deadline_timer aes xsave avx f16c rdrand lahf_lm abm 3dnowprefetch cpuid_fault epb invpcid_single pti ssbd ibrs ibpb stibp tpr_shadow vnmi flexpriority ept vpid ept_ad fsgsbase tsc_adjust bmi1 hle avx2 smep bmi2 erms invpcid rtm mpx rdseed adx smap clflushopt intel_pt xsaveopt xsavec xgetbv1 xsaves dtherm ida arat pln pts hwp hwp_notify hwp_act_window hwp_epp flush_l1d
bugs		: cpu_meltdown spectre_v1 spectre_v2 spec_store_bypass l1tf
bogomips	: 5424.00
clflush size	: 64
cache_alignment	: 64
address sizes	: 39 bits physical, 48 bits virtual
power management:

processor	: 7
vendor_id	: GenuineIntel
cpu family	: 6
model		: 94
model name	: Intel(R) Core(TM) i7-6820HQ CPU @ 2.70GHz
stepping	: 3
microcode	: 0xc6
cpu MHz		: 3200.000
cache size	: 8192 KB
physical id	: 0
siblings	: 8
core id		: 3
cpu cores	: 4
apicid		: 7
initial apicid	: 7
fpu		: yes
fpu_exception	: yes
cpuid level	: 22
wp		: yes
flags		: fpu vme de pse tsc msr pae mce cx8 apic sep mtrr pge mca cmov pat pse36 clflush dts acpi mmx fxsr sse sse2 ss ht tm pbe syscall nx pdpe1gb rdtscp lm constant_tsc art arch_perfmon pebs bts rep_good nopl xtopology nonstop_tsc cpuid aperfmperf tsc_known_freq pni pclmulqdq dtes64 monitor ds_cpl vmx smx est tm2 ssse3 sdbg fma cx16 xtpr pdcm pcid sse4_1 sse4_2 x2apic movbe popcnt tsc_deadline_timer aes xsave avx f16c rdrand lahf_lm abm 3dnowprefetch cpuid_fault epb invpcid_single pti ssbd ibrs ibpb stibp tpr_shadow vnmi flexpriority ept vpid ept_ad fsgsbase tsc_adjust bmi1 hle avx2 smep bmi2 erms invpcid rtm mpx rdseed adx smap clflushopt intel_pt xsaveopt xsavec xgetbv1 xsaves dtherm ida arat pln pts hwp hwp_notify hwp_act_window hwp_epp flush_l1d
bugs		: cpu_meltdown spectre_v1 spectre_v2 spec_store_bypass l1tf
bogomips	: 5424.00
clflush size	: 64
cache_alignment	: 64
address sizes	: 39 bits physical, 48 bits virtual
power management:



Memory: 4k page, physical 15841312k(136512k free), swap 0k(0k free)

vm_info: Java HotSpot(TM) 64-Bit Server VM (25.211-b12) for linux-amd64 JRE (1.8.0_211-b12), built on Apr  1 2019 20:39:34 by "java_re" with gcc 7.3.0

time: Mon May 25 11:49:56 2020
timezone: EDT
elapsed time: 33 seconds (0d 0h 0m 33s)

